28-Jun-2026 00:19:46.844 SEVERE [http-nio-8080-exec-4] org.apache.catalina.core.StandardWrapperValve.invoke Servlet.service() for servlet [jsp] in context with path [/shop_sphere_servlet] threw exception [org.apache.jasper.JasperException: Unable to compile class for JSP: 

An error occurred at line: [12] in the jsp file: [/u_login.jsp]
Syntax error, insert ";" to complete LocalVariableDeclarationStatement
9:     Class.forName("com.mysql.cj.jdbc.Driver");
10: 
11:     Connection con =
12:             ""jdbc:mysql://localhost:3306/Cartova"",
13:             "root",
14:             ""
15:     );


An error occurred at line: [12] in the jsp file: [/u_login.jsp]
Type mismatch: cannot convert from String to Connection
9:     Class.forName("com.mysql.cj.jdbc.Driver");
10: 
11:     Connection con =
12:             ""jdbc:mysql://localhost:3306/Cartova"",
13:             "root",
14:             ""
15:     );


An error occurred at line: [12] in the jsp file: [/u_login.jsp]
The method mysql(String, String) is undefined for the type u_005flogin_jsp
9:     Class.forName("com.mysql.cj.jdbc.Driver");
10: 
11:     Connection con =
12:             ""jdbc:mysql://localhost:3306/Cartova"",
13:             "root",
14:             ""
15:     );


An error occurred at line: [12] in the jsp file: [/u_login.jsp]
Syntax error on token ":", ( expected
9:     Class.forName("com.mysql.cj.jdbc.Driver");
10: 
11:     Connection con =
12:             ""jdbc:mysql://localhost:3306/Cartova"",
13:             "root",
14:             ""
15:     );


Stacktrace:] with root cause
	org.apache.jasper.JasperException: Unable to compile class for JSP: 

An error occurred at line: [12] in the jsp file: [/u_login.jsp]
Syntax error, insert ";" to complete LocalVariableDeclarationStatement
9:     Class.forName("com.mysql.cj.jdbc.Driver");
10: 
11:     Connection con =
12:             ""jdbc:mysql://localhost:3306/Cartova"",
13:             "root",
14:             ""
15:     );


An error occurred at line: [12] in the jsp file: [/u_login.jsp]
Type mismatch: cannot convert from String to Connection
9:     Class.forName("com.mysql.cj.jdbc.Driver");
10: 
11:     Connection con =
12:             ""jdbc:mysql://localhost:3306/Cartova"",
13:             "root",
14:             ""
15:     );


An error occurred at line: [12] in the jsp file: [/u_login.jsp]
The method mysql(String, String) is undefined for the type u_005flogin_jsp
9:     Class.forName("com.mysql.cj.jdbc.Driver");
10: 
11:     Connection con =
12:             ""jdbc:mysql://localhost:3306/Cartova"",
13:             "root",
14:             ""
15:     );


An error occurred at line: [12] in the jsp file: [/u_login.jsp]
Syntax error on token ":", ( expected
9:     Class.forName("com.mysql.cj.jdbc.Driver");
10: 
11:     Connection con =
12:             ""jdbc:mysql://localhost:3306/Cartova"",
13:             "root",
14:             ""
15:     );


Stacktrace:
		at org.apache.jasper.compiler.DefaultErrorHandler.javacError(DefaultErrorHandler.java:70)
		at org.apache.jasper.compiler.ErrorDispatcher.javacError(ErrorDispatcher.java:189)
		at org.apache.jasper.compiler.JDTCompiler.generateClass(JDTCompiler.java:546)
		at org.apache.jasper.compiler.Compiler.compile(Compiler.java:408)
		at org.apache.jasper.compiler.Compiler.compile(Compiler.java:380)
		at org.apache.jasper.compiler.Compiler.compile(Compiler.java:366)
		at org.apache.jasper.JspCompilationContext.compile(JspCompilationContext.java:746)
		at org.apache.jasper.servlet.JspServletWrapper.service(JspServletWrapper.java:441)
		at org.apache.jasper.servlet.JspServlet.serviceJspFile(JspServlet.java:339)
		at org.apache.jasper.servlet.JspServlet.service(JspServlet.java:290)
		at jakarta.servlet.http.HttpServlet.service(HttpServlet.java:710)
		at org.apache.catalina.core.ApplicationFilterChain.doFilter(ApplicationFilterChain.java:132)
		at org.apache.tomcat.websocket.server.WsFilter.doFilter(WsFilter.java:59)
		at org.apache.catalina.core.ApplicationFilterChain.doFilter(ApplicationFilterChain.java:111)
		at org.apache.catalina.core.StandardWrapperValve.invoke(StandardWrapperValve.java:165)
		at org.apache.catalina.core.StandardContextValve.invoke(StandardContextValve.java:77)
		at org.apache.catalina.authenticator.AuthenticatorBase.invoke(AuthenticatorBase.java:534)
		at org.apache.catalina.core.StandardHostValve.invoke(StandardHostValve.java:115)
		at org.apache.catalina.valves.ErrorReportValve.invoke(ErrorReportValve.java:86)
		at org.apache.catalina.valves.AbstractAccessLogValve.invoke(AbstractAccessLogValve.java:782)
		at org.apache.catalina.core.StandardEngineValve.invoke(StandardEngineValve.java:72)
		at org.apache.catalina.connector.CoyoteAdapter.service(CoyoteAdapter.java:347)
		at org.apache.coyote.http11.Http11Processor.service(Http11Processor.java:406)
		at org.apache.coyote.AbstractProcessorLight.process(AbstractProcessorLight.java:71)
		at org.apache.coyote.AbstractProtocol$ConnectionHandler.process(AbstractProtocol.java:1307)
		at org.apache.tomcat.util.net.NioEndpoint$SocketProcessor.doRun(NioEndpoint.java:2036)
		at org.apache.tomcat.util.net.SocketProcessorBase.run(SocketProcessorBase.java:74)
		at org.apache.tomcat.util.threads.ThreadPoolExecutor.runWorker(ThreadPoolExecutor.java:949)
		at org.apache.tomcat.util.threads.ThreadPoolExecutor$Worker.run(ThreadPoolExecutor.java:483)
		at org.apache.tomcat.util.threads.TaskThread$WrappingRunnable.run(TaskThread.java:74)
		at java.base/java.lang.Thread.run(Thread.java:1447)
28-Jun-2026 00:56:34.001 SEVERE [http-nio-8080-exec-7] org.apache.catalina.core.StandardWrapperValve.invoke Servlet.service() for servlet [controller.AddToCartServlet] in context with path [/shop_sphere_servlet] threw exception [java.sql.SQLException: Field 'cart_id' doesn't have a default value] with root cause
	java.sql.SQLException: Field 'cart_id' doesn't have a default value
		at com.mysql.cj.jdbc.exceptions.SQLError.createSQLException(SQLError.java:121)
		at com.mysql.cj.jdbc.exceptions.SQLExceptionsMapping.translateException(SQLExceptionsMapping.java:114)
		at com.mysql.cj.jdbc.ClientPreparedStatement.executeInternal(ClientPreparedStatement.java:990)
		at com.mysql.cj.jdbc.ClientPreparedStatement.executeUpdateInternal(ClientPreparedStatement.java:1168)
		at com.mysql.cj.jdbc.ClientPreparedStatement.executeUpdateInternal(ClientPreparedStatement.java:1103)
		at com.mysql.cj.jdbc.ClientPreparedStatement.executeLargeUpdate(ClientPreparedStatement.java:1450)
		at com.mysql.cj.jdbc.ClientPreparedStatement.executeUpdate(ClientPreparedStatement.java:1086)
		at controller.AddToCartServlet.doGet(AddToCartServlet.java:74)
		at jakarta.servlet.http.HttpServlet.service(HttpServlet.java:622)
		at jakarta.servlet.http.HttpServlet.service(HttpServlet.java:710)
		at org.apache.catalina.core.ApplicationFilterChain.doFilter(ApplicationFilterChain.java:132)
		at org.apache.tomcat.websocket.server.WsFilter.doFilter(WsFilter.java:59)
		at org.apache.catalina.core.ApplicationFilterChain.doFilter(ApplicationFilterChain.java:111)
		at org.apache.catalina.core.StandardWrapperValve.invoke(StandardWrapperValve.java:165)
		at org.apache.catalina.core.StandardContextValve.invoke(StandardContextValve.java:77)
		at org.apache.catalina.authenticator.AuthenticatorBase.invoke(AuthenticatorBase.java:534)
		at org.apache.catalina.core.StandardHostValve.invoke(StandardHostValve.java:115)
		at org.apache.catalina.valves.ErrorReportValve.invoke(ErrorReportValve.java:86)
		at org.apache.catalina.valves.AbstractAccessLogValve.invoke(AbstractAccessLogValve.java:782)
		at org.apache.catalina.core.StandardEngineValve.invoke(StandardEngineValve.java:72)
		at org.apache.catalina.connector.CoyoteAdapter.service(CoyoteAdapter.java:347)
		at org.apache.coyote.http11.Http11Processor.service(Http11Processor.java:406)
		at org.apache.coyote.AbstractProcessorLight.process(AbstractProcessorLight.java:71)
		at org.apache.coyote.AbstractProtocol$ConnectionHandler.process(AbstractProtocol.java:1307)
		at org.apache.tomcat.util.net.NioEndpoint$SocketProcessor.doRun(NioEndpoint.java:2036)
		at org.apache.tomcat.util.net.SocketProcessorBase.run(SocketProcessorBase.java:74)
		at org.apache.tomcat.util.threads.ThreadPoolExecutor.runWorker(ThreadPoolExecutor.java:949)
		at org.apache.tomcat.util.threads.ThreadPoolExecutor$Worker.run(ThreadPoolExecutor.java:483)
		at org.apache.tomcat.util.threads.TaskThread$WrappingRunnable.run(TaskThread.java:74)
		at java.base/java.lang.Thread.run(Thread.java:1447)
28-Jun-2026 01:06:23.302 SEVERE [http-nio-8080-exec-6] org.apache.catalina.core.ApplicationDispatcher.invoke Servlet.service() for servlet [jsp] threw exception
	org.apache.jasper.JasperException: Unable to compile class for JSP: 

An error occurred at line: [11] in the jsp file: [/invoice.jsp]
cartProducts cannot be resolved to a variable
8:     </tr>
9: 
10:     <%
11:         if (cartProducts != null && !cartProducts.isEmpty()) {
12:             for (Product p : cartProducts) {
13:     %>
14: 


An error occurred at line: [11] in the jsp file: [/invoice.jsp]
cartProducts cannot be resolved
8:     </tr>
9: 
10:     <%
11:         if (cartProducts != null && !cartProducts.isEmpty()) {
12:             for (Product p : cartProducts) {
13:     %>
14: 


An error occurred at line: [12] in the jsp file: [/invoice.jsp]
Product cannot be resolved to a type
9: 
10:     <%
11:         if (cartProducts != null && !cartProducts.isEmpty()) {
12:             for (Product p : cartProducts) {
13:     %>
14: 
15:     <tr>


An error occurred at line: [12] in the jsp file: [/invoice.jsp]
cartProducts cannot be resolved to a variable
9: 
10:     <%
11:         if (cartProducts != null && !cartProducts.isEmpty()) {
12:             for (Product p : cartProducts) {
13:     %>
14: 
15:     <tr>


Stacktrace:
		at org.apache.jasper.compiler.DefaultErrorHandler.javacError(DefaultErrorHandler.java:70)
		at org.apache.jasper.compiler.ErrorDispatcher.javacError(ErrorDispatcher.java:189)
		at org.apache.jasper.compiler.JDTCompiler.generateClass(JDTCompiler.java:546)
		at org.apache.jasper.compiler.Compiler.compile(Compiler.java:408)
		at org.apache.jasper.compiler.Compiler.compile(Compiler.java:380)
		at org.apache.jasper.compiler.Compiler.compile(Compiler.java:366)
		at org.apache.jasper.JspCompilationContext.compile(JspCompilationContext.java:746)
		at org.apache.jasper.servlet.JspServletWrapper.service(JspServletWrapper.java:441)
		at org.apache.jasper.servlet.JspServlet.serviceJspFile(JspServlet.java:339)
		at org.apache.jasper.servlet.JspServlet.service(JspServlet.java:290)
		at jakarta.servlet.http.HttpServlet.service(HttpServlet.java:710)
		at org.apache.catalina.core.ApplicationFilterChain.doFilter(ApplicationFilterChain.java:132)
		at org.apache.tomcat.websocket.server.WsFilter.doFilter(WsFilter.java:59)
		at org.apache.catalina.core.ApplicationFilterChain.doFilter(ApplicationFilterChain.java:111)
		at org.apache.catalina.core.ApplicationDispatcher.invoke(ApplicationDispatcher.java:515)
		at org.apache.catalina.core.ApplicationDispatcher.processRequest(ApplicationDispatcher.java:335)
		at org.apache.catalina.core.ApplicationDispatcher.forward(ApplicationDispatcher.java:264)
		at controller.InvoiceServlet.doGet(InvoiceServlet.java:33)
		at jakarta.servlet.http.HttpServlet.service(HttpServlet.java:622)
		at jakarta.servlet.http.HttpServlet.service(HttpServlet.java:710)
		at org.apache.catalina.core.ApplicationFilterChain.doFilter(ApplicationFilterChain.java:132)
		at org.apache.tomcat.websocket.server.WsFilter.doFilter(WsFilter.java:59)
		at org.apache.catalina.core.ApplicationFilterChain.doFilter(ApplicationFilterChain.java:111)
		at org.apache.catalina.core.StandardWrapperValve.invoke(StandardWrapperValve.java:165)
		at org.apache.catalina.core.StandardContextValve.invoke(StandardContextValve.java:77)
		at org.apache.catalina.authenticator.AuthenticatorBase.invoke(AuthenticatorBase.java:534)
		at org.apache.catalina.core.StandardHostValve.invoke(StandardHostValve.java:115)
		at org.apache.catalina.valves.ErrorReportValve.invoke(ErrorReportValve.java:86)
		at org.apache.catalina.valves.AbstractAccessLogValve.invoke(AbstractAccessLogValve.java:782)
		at org.apache.catalina.core.StandardEngineValve.invoke(StandardEngineValve.java:72)
		at org.apache.catalina.connector.CoyoteAdapter.service(CoyoteAdapter.java:347)
		at org.apache.coyote.http11.Http11Processor.service(Http11Processor.java:406)
		at org.apache.coyote.AbstractProcessorLight.process(AbstractProcessorLight.java:71)
		at org.apache.coyote.AbstractProtocol$ConnectionHandler.process(AbstractProtocol.java:1307)
		at org.apache.tomcat.util.net.NioEndpoint$SocketProcessor.doRun(NioEndpoint.java:2036)
		at org.apache.tomcat.util.net.SocketProcessorBase.run(SocketProcessorBase.java:74)
		at org.apache.tomcat.util.threads.ThreadPoolExecutor.runWorker(ThreadPoolExecutor.java:949)
		at org.apache.tomcat.util.threads.ThreadPoolExecutor$Worker.run(ThreadPoolExecutor.java:483)
		at org.apache.tomcat.util.threads.TaskThread$WrappingRunnable.run(TaskThread.java:74)
		at java.base/java.lang.Thread.run(Thread.java:1447)
28-Jun-2026 01:06:23.305 SEVERE [http-nio-8080-exec-6] org.apache.catalina.core.StandardWrapperValve.invoke Servlet.service() for servlet [controller.InvoiceServlet] in context with path [/shop_sphere_servlet] threw exception [org.apache.jasper.JasperException: Unable to compile class for JSP: 

An error occurred at line: [11] in the jsp file: [/invoice.jsp]
cartProducts cannot be resolved to a variable
8:     </tr>
9: 
10:     <%
11:         if (cartProducts != null && !cartProducts.isEmpty()) {
12:             for (Product p : cartProducts) {
13:     %>
14: 


An error occurred at line: [11] in the jsp file: [/invoice.jsp]
cartProducts cannot be resolved
8:     </tr>
9: 
10:     <%
11:         if (cartProducts != null && !cartProducts.isEmpty()) {
12:             for (Product p : cartProducts) {
13:     %>
14: 


An error occurred at line: [12] in the jsp file: [/invoice.jsp]
Product cannot be resolved to a type
9: 
10:     <%
11:         if (cartProducts != null && !cartProducts.isEmpty()) {
12:             for (Product p : cartProducts) {
13:     %>
14: 
15:     <tr>


An error occurred at line: [12] in the jsp file: [/invoice.jsp]
cartProducts cannot be resolved to a variable
9: 
10:     <%
11:         if (cartProducts != null && !cartProducts.isEmpty()) {
12:             for (Product p : cartProducts) {
13:     %>
14: 
15:     <tr>


Stacktrace:] with root cause
	org.apache.jasper.JasperException: Unable to compile class for JSP: 

An error occurred at line: [11] in the jsp file: [/invoice.jsp]
cartProducts cannot be resolved to a variable
8:     </tr>
9: 
10:     <%
11:         if (cartProducts != null && !cartProducts.isEmpty()) {
12:             for (Product p : cartProducts) {
13:     %>
14: 


An error occurred at line: [11] in the jsp file: [/invoice.jsp]
cartProducts cannot be resolved
8:     </tr>
9: 
10:     <%
11:         if (cartProducts != null && !cartProducts.isEmpty()) {
12:             for (Product p : cartProducts) {
13:     %>
14: 


An error occurred at line: [12] in the jsp file: [/invoice.jsp]
Product cannot be resolved to a type
9: 
10:     <%
11:         if (cartProducts != null && !cartProducts.isEmpty()) {
12:             for (Product p : cartProducts) {
13:     %>
14: 
15:     <tr>


An error occurred at line: [12] in the jsp file: [/invoice.jsp]
cartProducts cannot be resolved to a variable
9: 
10:     <%
11:         if (cartProducts != null && !cartProducts.isEmpty()) {
12:             for (Product p : cartProducts) {
13:     %>
14: 
15:     <tr>


Stacktrace:
		at org.apache.jasper.compiler.DefaultErrorHandler.javacError(DefaultErrorHandler.java:70)
		at org.apache.jasper.compiler.ErrorDispatcher.javacError(ErrorDispatcher.java:189)
		at org.apache.jasper.compiler.JDTCompiler.generateClass(JDTCompiler.java:546)
		at org.apache.jasper.compiler.Compiler.compile(Compiler.java:408)
		at org.apache.jasper.compiler.Compiler.compile(Compiler.java:380)
		at org.apache.jasper.compiler.Compiler.compile(Compiler.java:366)
		at org.apache.jasper.JspCompilationContext.compile(JspCompilationContext.java:746)
		at org.apache.jasper.servlet.JspServletWrapper.service(JspServletWrapper.java:441)
		at org.apache.jasper.servlet.JspServlet.serviceJspFile(JspServlet.java:339)
		at org.apache.jasper.servlet.JspServlet.service(JspServlet.java:290)
		at jakarta.servlet.http.HttpServlet.service(HttpServlet.java:710)
		at org.apache.catalina.core.ApplicationFilterChain.doFilter(ApplicationFilterChain.java:132)
		at org.apache.tomcat.websocket.server.WsFilter.doFilter(WsFilter.java:59)
		at org.apache.catalina.core.ApplicationFilterChain.doFilter(ApplicationFilterChain.java:111)
		at org.apache.catalina.core.ApplicationDispatcher.invoke(ApplicationDispatcher.java:515)
		at org.apache.catalina.core.ApplicationDispatcher.processRequest(ApplicationDispatcher.java:335)
		at org.apache.catalina.core.ApplicationDispatcher.forward(ApplicationDispatcher.java:264)
		at controller.InvoiceServlet.doGet(InvoiceServlet.java:33)
		at jakarta.servlet.http.HttpServlet.service(HttpServlet.java:622)
		at jakarta.servlet.http.HttpServlet.service(HttpServlet.java:710)
		at org.apache.catalina.core.ApplicationFilterChain.doFilter(ApplicationFilterChain.java:132)
		at org.apache.tomcat.websocket.server.WsFilter.doFilter(WsFilter.java:59)
		at org.apache.catalina.core.ApplicationFilterChain.doFilter(ApplicationFilterChain.java:111)
		at org.apache.catalina.core.StandardWrapperValve.invoke(StandardWrapperValve.java:165)
		at org.apache.catalina.core.StandardContextValve.invoke(StandardContextValve.java:77)
		at org.apache.catalina.authenticator.AuthenticatorBase.invoke(AuthenticatorBase.java:534)
		at org.apache.catalina.core.StandardHostValve.invoke(StandardHostValve.java:115)
		at org.apache.catalina.valves.ErrorReportValve.invoke(ErrorReportValve.java:86)
		at org.apache.catalina.valves.AbstractAccessLogValve.invoke(AbstractAccessLogValve.java:782)
		at org.apache.catalina.core.StandardEngineValve.invoke(StandardEngineValve.java:72)
		at org.apache.catalina.connector.CoyoteAdapter.service(CoyoteAdapter.java:347)
		at org.apache.coyote.http11.Http11Processor.service(Http11Processor.java:406)
		at org.apache.coyote.AbstractProcessorLight.process(AbstractProcessorLight.java:71)
		at org.apache.coyote.AbstractProtocol$ConnectionHandler.process(AbstractProtocol.java:1307)
		at org.apache.tomcat.util.net.NioEndpoint$SocketProcessor.doRun(NioEndpoint.java:2036)
		at org.apache.tomcat.util.net.SocketProcessorBase.run(SocketProcessorBase.java:74)
		at org.apache.tomcat.util.threads.ThreadPoolExecutor.runWorker(ThreadPoolExecutor.java:949)
		at org.apache.tomcat.util.threads.ThreadPoolExecutor$Worker.run(ThreadPoolExecutor.java:483)
		at org.apache.tomcat.util.threads.TaskThread$WrappingRunnable.run(TaskThread.java:74)
		at java.base/java.lang.Thread.run(Thread.java:1447)
28-Jun-2026 01:07:25.111 SEVERE [http-nio-8080-exec-7] org.apache.catalina.core.ApplicationDispatcher.invoke Servlet.service() for servlet [jsp] threw exception
	org.apache.jasper.JasperException: Unable to compile class for JSP: 

An error occurred at line: [13] in the jsp file: [/invoice.jsp]
cartProducts cannot be resolved to a variable
10:     </tr>
11: 
12:     <%
13:         if (cartProducts != null && !cartProducts.isEmpty()) {
14:             for (Product p : cartProducts) {
15:     %>
16: 


An error occurred at line: [13] in the jsp file: [/invoice.jsp]
cartProducts cannot be resolved
10:     </tr>
11: 
12:     <%
13:         if (cartProducts != null && !cartProducts.isEmpty()) {
14:             for (Product p : cartProducts) {
15:     %>
16: 


An error occurred at line: [14] in the jsp file: [/invoice.jsp]
cartProducts cannot be resolved to a variable
11: 
12:     <%
13:         if (cartProducts != null && !cartProducts.isEmpty()) {
14:             for (Product p : cartProducts) {
15:     %>
16: 
17:     <tr>


Stacktrace:
		at org.apache.jasper.compiler.DefaultErrorHandler.javacError(DefaultErrorHandler.java:70)
		at org.apache.jasper.compiler.ErrorDispatcher.javacError(ErrorDispatcher.java:189)
		at org.apache.jasper.compiler.JDTCompiler.generateClass(JDTCompiler.java:546)
		at org.apache.jasper.compiler.Compiler.compile(Compiler.java:408)
		at org.apache.jasper.compiler.Compiler.compile(Compiler.java:380)
		at org.apache.jasper.compiler.Compiler.compile(Compiler.java:366)
		at org.apache.jasper.JspCompilationContext.compile(JspCompilationContext.java:746)
		at org.apache.jasper.servlet.JspServletWrapper.service(JspServletWrapper.java:441)
		at org.apache.jasper.servlet.JspServlet.serviceJspFile(JspServlet.java:339)
		at org.apache.jasper.servlet.JspServlet.service(JspServlet.java:290)
		at jakarta.servlet.http.HttpServlet.service(HttpServlet.java:710)
		at org.apache.catalina.core.ApplicationFilterChain.doFilter(ApplicationFilterChain.java:132)
		at org.apache.tomcat.websocket.server.WsFilter.doFilter(WsFilter.java:59)
		at org.apache.catalina.core.ApplicationFilterChain.doFilter(ApplicationFilterChain.java:111)
		at org.apache.catalina.core.ApplicationDispatcher.invoke(ApplicationDispatcher.java:515)
		at org.apache.catalina.core.ApplicationDispatcher.processRequest(ApplicationDispatcher.java:335)
		at org.apache.catalina.core.ApplicationDispatcher.forward(ApplicationDispatcher.java:264)
		at controller.InvoiceServlet.doGet(InvoiceServlet.java:33)
		at jakarta.servlet.http.HttpServlet.service(HttpServlet.java:622)
		at jakarta.servlet.http.HttpServlet.service(HttpServlet.java:710)
		at org.apache.catalina.core.ApplicationFilterChain.doFilter(ApplicationFilterChain.java:132)
		at org.apache.tomcat.websocket.server.WsFilter.doFilter(WsFilter.java:59)
		at org.apache.catalina.core.ApplicationFilterChain.doFilter(ApplicationFilterChain.java:111)
		at org.apache.catalina.core.StandardWrapperValve.invoke(StandardWrapperValve.java:165)
		at org.apache.catalina.core.StandardContextValve.invoke(StandardContextValve.java:77)
		at org.apache.catalina.authenticator.AuthenticatorBase.invoke(AuthenticatorBase.java:534)
		at org.apache.catalina.core.StandardHostValve.invoke(StandardHostValve.java:115)
		at org.apache.catalina.valves.ErrorReportValve.invoke(ErrorReportValve.java:86)
		at org.apache.catalina.valves.AbstractAccessLogValve.invoke(AbstractAccessLogValve.java:782)
		at org.apache.catalina.core.StandardEngineValve.invoke(StandardEngineValve.java:72)
		at org.apache.catalina.connector.CoyoteAdapter.service(CoyoteAdapter.java:347)
		at org.apache.coyote.http11.Http11Processor.service(Http11Processor.java:406)
		at org.apache.coyote.AbstractProcessorLight.process(AbstractProcessorLight.java:71)
		at org.apache.coyote.AbstractProtocol$ConnectionHandler.process(AbstractProtocol.java:1307)
		at org.apache.tomcat.util.net.NioEndpoint$SocketProcessor.doRun(NioEndpoint.java:2036)
		at org.apache.tomcat.util.net.SocketProcessorBase.run(SocketProcessorBase.java:74)
		at org.apache.tomcat.util.threads.ThreadPoolExecutor.runWorker(ThreadPoolExecutor.java:949)
		at org.apache.tomcat.util.threads.ThreadPoolExecutor$Worker.run(ThreadPoolExecutor.java:483)
		at org.apache.tomcat.util.threads.TaskThread$WrappingRunnable.run(TaskThread.java:74)
		at java.base/java.lang.Thread.run(Thread.java:1447)
28-Jun-2026 01:07:25.111 SEVERE [http-nio-8080-exec-7] org.apache.catalina.core.StandardWrapperValve.invoke Servlet.service() for servlet [controller.InvoiceServlet] in context with path [/shop_sphere_servlet] threw exception [org.apache.jasper.JasperException: Unable to compile class for JSP: 

An error occurred at line: [13] in the jsp file: [/invoice.jsp]
cartProducts cannot be resolved to a variable
10:     </tr>
11: 
12:     <%
13:         if (cartProducts != null && !cartProducts.isEmpty()) {
14:             for (Product p : cartProducts) {
15:     %>
16: 


An error occurred at line: [13] in the jsp file: [/invoice.jsp]
cartProducts cannot be resolved
10:     </tr>
11: 
12:     <%
13:         if (cartProducts != null && !cartProducts.isEmpty()) {
14:             for (Product p : cartProducts) {
15:     %>
16: 


An error occurred at line: [14] in the jsp file: [/invoice.jsp]
cartProducts cannot be resolved to a variable
11: 
12:     <%
13:         if (cartProducts != null && !cartProducts.isEmpty()) {
14:             for (Product p : cartProducts) {
15:     %>
16: 
17:     <tr>


Stacktrace:] with root cause
	org.apache.jasper.JasperException: Unable to compile class for JSP: 

An error occurred at line: [13] in the jsp file: [/invoice.jsp]
cartProducts cannot be resolved to a variable
10:     </tr>
11: 
12:     <%
13:         if (cartProducts != null && !cartProducts.isEmpty()) {
14:             for (Product p : cartProducts) {
15:     %>
16: 


An error occurred at line: [13] in the jsp file: [/invoice.jsp]
cartProducts cannot be resolved
10:     </tr>
11: 
12:     <%
13:         if (cartProducts != null && !cartProducts.isEmpty()) {
14:             for (Product p : cartProducts) {
15:     %>
16: 


An error occurred at line: [14] in the jsp file: [/invoice.jsp]
cartProducts cannot be resolved to a variable
11: 
12:     <%
13:         if (cartProducts != null && !cartProducts.isEmpty()) {
14:             for (Product p : cartProducts) {
15:     %>
16: 
17:     <tr>


Stacktrace:
		at org.apache.jasper.compiler.DefaultErrorHandler.javacError(DefaultErrorHandler.java:70)
		at org.apache.jasper.compiler.ErrorDispatcher.javacError(ErrorDispatcher.java:189)
		at org.apache.jasper.compiler.JDTCompiler.generateClass(JDTCompiler.java:546)
		at org.apache.jasper.compiler.Compiler.compile(Compiler.java:408)
		at org.apache.jasper.compiler.Compiler.compile(Compiler.java:380)
		at org.apache.jasper.compiler.Compiler.compile(Compiler.java:366)
		at org.apache.jasper.JspCompilationContext.compile(JspCompilationContext.java:746)
		at org.apache.jasper.servlet.JspServletWrapper.service(JspServletWrapper.java:441)
		at org.apache.jasper.servlet.JspServlet.serviceJspFile(JspServlet.java:339)
		at org.apache.jasper.servlet.JspServlet.service(JspServlet.java:290)
		at jakarta.servlet.http.HttpServlet.service(HttpServlet.java:710)
		at org.apache.catalina.core.ApplicationFilterChain.doFilter(ApplicationFilterChain.java:132)
		at org.apache.tomcat.websocket.server.WsFilter.doFilter(WsFilter.java:59)
		at org.apache.catalina.core.ApplicationFilterChain.doFilter(ApplicationFilterChain.java:111)
		at org.apache.catalina.core.ApplicationDispatcher.invoke(ApplicationDispatcher.java:515)
		at org.apache.catalina.core.ApplicationDispatcher.processRequest(ApplicationDispatcher.java:335)
		at org.apache.catalina.core.ApplicationDispatcher.forward(ApplicationDispatcher.java:264)
		at controller.InvoiceServlet.doGet(InvoiceServlet.java:33)
		at jakarta.servlet.http.HttpServlet.service(HttpServlet.java:622)
		at jakarta.servlet.http.HttpServlet.service(HttpServlet.java:710)
		at org.apache.catalina.core.ApplicationFilterChain.doFilter(ApplicationFilterChain.java:132)
		at org.apache.tomcat.websocket.server.WsFilter.doFilter(WsFilter.java:59)
		at org.apache.catalina.core.ApplicationFilterChain.doFilter(ApplicationFilterChain.java:111)
		at org.apache.catalina.core.StandardWrapperValve.invoke(StandardWrapperValve.java:165)
		at org.apache.catalina.core.StandardContextValve.invoke(StandardContextValve.java:77)
		at org.apache.catalina.authenticator.AuthenticatorBase.invoke(AuthenticatorBase.java:534)
		at org.apache.catalina.core.StandardHostValve.invoke(StandardHostValve.java:115)
		at org.apache.catalina.valves.ErrorReportValve.invoke(ErrorReportValve.java:86)
		at org.apache.catalina.valves.AbstractAccessLogValve.invoke(AbstractAccessLogValve.java:782)
		at org.apache.catalina.core.StandardEngineValve.invoke(StandardEngineValve.java:72)
		at org.apache.catalina.connector.CoyoteAdapter.service(CoyoteAdapter.java:347)
		at org.apache.coyote.http11.Http11Processor.service(Http11Processor.java:406)
		at org.apache.coyote.AbstractProcessorLight.process(AbstractProcessorLight.java:71)
		at org.apache.coyote.AbstractProtocol$ConnectionHandler.process(AbstractProtocol.java:1307)
		at org.apache.tomcat.util.net.NioEndpoint$SocketProcessor.doRun(NioEndpoint.java:2036)
		at org.apache.tomcat.util.net.SocketProcessorBase.run(SocketProcessorBase.java:74)
		at org.apache.tomcat.util.threads.ThreadPoolExecutor.runWorker(ThreadPoolExecutor.java:949)
		at org.apache.tomcat.util.threads.ThreadPoolExecutor$Worker.run(ThreadPoolExecutor.java:483)
		at org.apache.tomcat.util.threads.TaskThread$WrappingRunnable.run(TaskThread.java:74)
		at java.base/java.lang.Thread.run(Thread.java:1447)
28-Jun-2026 01:07:30.322 SEVERE [http-nio-8080-exec-5] org.apache.catalina.core.ApplicationDispatcher.invoke Servlet.service() for servlet [jsp] threw exception
	org.apache.jasper.JasperException: Unable to compile class for JSP: 

An error occurred at line: [13] in the jsp file: [/invoice.jsp]
cartProducts cannot be resolved to a variable
10:     </tr>
11: 
12:     <%
13:         if (cartProducts != null && !cartProducts.isEmpty()) {
14:             for (Product p : cartProducts) {
15:     %>
16: 


An error occurred at line: [13] in the jsp file: [/invoice.jsp]
cartProducts cannot be resolved
10:     </tr>
11: 
12:     <%
13:         if (cartProducts != null && !cartProducts.isEmpty()) {
14:             for (Product p : cartProducts) {
15:     %>
16: 


An error occurred at line: [14] in the jsp file: [/invoice.jsp]
cartProducts cannot be resolved to a variable
11: 
12:     <%
13:         if (cartProducts != null && !cartProducts.isEmpty()) {
14:             for (Product p : cartProducts) {
15:     %>
16: 
17:     <tr>


Stacktrace:
		at org.apache.jasper.compiler.DefaultErrorHandler.javacError(DefaultErrorHandler.java:70)
		at org.apache.jasper.compiler.ErrorDispatcher.javacError(ErrorDispatcher.java:189)
		at org.apache.jasper.compiler.JDTCompiler.generateClass(JDTCompiler.java:546)
		at org.apache.jasper.compiler.Compiler.compile(Compiler.java:408)
		at org.apache.jasper.compiler.Compiler.compile(Compiler.java:380)
		at org.apache.jasper.compiler.Compiler.compile(Compiler.java:366)
		at org.apache.jasper.JspCompilationContext.compile(JspCompilationContext.java:746)
		at org.apache.jasper.servlet.JspServletWrapper.service(JspServletWrapper.java:441)
		at org.apache.jasper.servlet.JspServlet.serviceJspFile(JspServlet.java:339)
		at org.apache.jasper.servlet.JspServlet.service(JspServlet.java:290)
		at jakarta.servlet.http.HttpServlet.service(HttpServlet.java:710)
		at org.apache.catalina.core.ApplicationFilterChain.doFilter(ApplicationFilterChain.java:132)
		at org.apache.tomcat.websocket.server.WsFilter.doFilter(WsFilter.java:59)
		at org.apache.catalina.core.ApplicationFilterChain.doFilter(ApplicationFilterChain.java:111)
		at org.apache.catalina.core.ApplicationDispatcher.invoke(ApplicationDispatcher.java:515)
		at org.apache.catalina.core.ApplicationDispatcher.processRequest(ApplicationDispatcher.java:335)
		at org.apache.catalina.core.ApplicationDispatcher.forward(ApplicationDispatcher.java:264)
		at controller.InvoiceServlet.doGet(InvoiceServlet.java:33)
		at jakarta.servlet.http.HttpServlet.service(HttpServlet.java:622)
		at jakarta.servlet.http.HttpServlet.service(HttpServlet.java:710)
		at org.apache.catalina.core.ApplicationFilterChain.doFilter(ApplicationFilterChain.java:132)
		at org.apache.tomcat.websocket.server.WsFilter.doFilter(WsFilter.java:59)
		at org.apache.catalina.core.ApplicationFilterChain.doFilter(ApplicationFilterChain.java:111)
		at org.apache.catalina.core.StandardWrapperValve.invoke(StandardWrapperValve.java:165)
		at org.apache.catalina.core.StandardContextValve.invoke(StandardContextValve.java:77)
		at org.apache.catalina.authenticator.AuthenticatorBase.invoke(AuthenticatorBase.java:534)
		at org.apache.catalina.core.StandardHostValve.invoke(StandardHostValve.java:115)
		at org.apache.catalina.valves.ErrorReportValve.invoke(ErrorReportValve.java:86)
		at org.apache.catalina.valves.AbstractAccessLogValve.invoke(AbstractAccessLogValve.java:782)
		at org.apache.catalina.core.StandardEngineValve.invoke(StandardEngineValve.java:72)
		at org.apache.catalina.connector.CoyoteAdapter.service(CoyoteAdapter.java:347)
		at org.apache.coyote.http11.Http11Processor.service(Http11Processor.java:406)
		at org.apache.coyote.AbstractProcessorLight.process(AbstractProcessorLight.java:71)
		at org.apache.coyote.AbstractProtocol$ConnectionHandler.process(AbstractProtocol.java:1307)
		at org.apache.tomcat.util.net.NioEndpoint$SocketProcessor.doRun(NioEndpoint.java:2036)
		at org.apache.tomcat.util.net.SocketProcessorBase.run(SocketProcessorBase.java:74)
		at org.apache.tomcat.util.threads.ThreadPoolExecutor.runWorker(ThreadPoolExecutor.java:949)
		at org.apache.tomcat.util.threads.ThreadPoolExecutor$Worker.run(ThreadPoolExecutor.java:483)
		at org.apache.tomcat.util.threads.TaskThread$WrappingRunnable.run(TaskThread.java:74)
		at java.base/java.lang.Thread.run(Thread.java:1447)
28-Jun-2026 01:07:30.322 SEVERE [http-nio-8080-exec-5] org.apache.catalina.core.StandardWrapperValve.invoke Servlet.service() for servlet [controller.InvoiceServlet] in context with path [/shop_sphere_servlet] threw exception [org.apache.jasper.JasperException: Unable to compile class for JSP: 

An error occurred at line: [13] in the jsp file: [/invoice.jsp]
cartProducts cannot be resolved to a variable
10:     </tr>
11: 
12:     <%
13:         if (cartProducts != null && !cartProducts.isEmpty()) {
14:             for (Product p : cartProducts) {
15:     %>
16: 


An error occurred at line: [13] in the jsp file: [/invoice.jsp]
cartProducts cannot be resolved
10:     </tr>
11: 
12:     <%
13:         if (cartProducts != null && !cartProducts.isEmpty()) {
14:             for (Product p : cartProducts) {
15:     %>
16: 


An error occurred at line: [14] in the jsp file: [/invoice.jsp]
cartProducts cannot be resolved to a variable
11: 
12:     <%
13:         if (cartProducts != null && !cartProducts.isEmpty()) {
14:             for (Product p : cartProducts) {
15:     %>
16: 
17:     <tr>


Stacktrace:] with root cause
	org.apache.jasper.JasperException: Unable to compile class for JSP: 

An error occurred at line: [13] in the jsp file: [/invoice.jsp]
cartProducts cannot be resolved to a variable
10:     </tr>
11: 
12:     <%
13:         if (cartProducts != null && !cartProducts.isEmpty()) {
14:             for (Product p : cartProducts) {
15:     %>
16: 


An error occurred at line: [13] in the jsp file: [/invoice.jsp]
cartProducts cannot be resolved
10:     </tr>
11: 
12:     <%
13:         if (cartProducts != null && !cartProducts.isEmpty()) {
14:             for (Product p : cartProducts) {
15:     %>
16: 


An error occurred at line: [14] in the jsp file: [/invoice.jsp]
cartProducts cannot be resolved to a variable
11: 
12:     <%
13:         if (cartProducts != null && !cartProducts.isEmpty()) {
14:             for (Product p : cartProducts) {
15:     %>
16: 
17:     <tr>


Stacktrace:
		at org.apache.jasper.compiler.DefaultErrorHandler.javacError(DefaultErrorHandler.java:70)
		at org.apache.jasper.compiler.ErrorDispatcher.javacError(ErrorDispatcher.java:189)
		at org.apache.jasper.compiler.JDTCompiler.generateClass(JDTCompiler.java:546)
		at org.apache.jasper.compiler.Compiler.compile(Compiler.java:408)
		at org.apache.jasper.compiler.Compiler.compile(Compiler.java:380)
		at org.apache.jasper.compiler.Compiler.compile(Compiler.java:366)
		at org.apache.jasper.JspCompilationContext.compile(JspCompilationContext.java:746)
		at org.apache.jasper.servlet.JspServletWrapper.service(JspServletWrapper.java:441)
		at org.apache.jasper.servlet.JspServlet.serviceJspFile(JspServlet.java:339)
		at org.apache.jasper.servlet.JspServlet.service(JspServlet.java:290)
		at jakarta.servlet.http.HttpServlet.service(HttpServlet.java:710)
		at org.apache.catalina.core.ApplicationFilterChain.doFilter(ApplicationFilterChain.java:132)
		at org.apache.tomcat.websocket.server.WsFilter.doFilter(WsFilter.java:59)
		at org.apache.catalina.core.ApplicationFilterChain.doFilter(ApplicationFilterChain.java:111)
		at org.apache.catalina.core.ApplicationDispatcher.invoke(ApplicationDispatcher.java:515)
		at org.apache.catalina.core.ApplicationDispatcher.processRequest(ApplicationDispatcher.java:335)
		at org.apache.catalina.core.ApplicationDispatcher.forward(ApplicationDispatcher.java:264)
		at controller.InvoiceServlet.doGet(InvoiceServlet.java:33)
		at jakarta.servlet.http.HttpServlet.service(HttpServlet.java:622)
		at jakarta.servlet.http.HttpServlet.service(HttpServlet.java:710)
		at org.apache.catalina.core.ApplicationFilterChain.doFilter(ApplicationFilterChain.java:132)
		at org.apache.tomcat.websocket.server.WsFilter.doFilter(WsFilter.java:59)
		at org.apache.catalina.core.ApplicationFilterChain.doFilter(ApplicationFilterChain.java:111)
		at org.apache.catalina.core.StandardWrapperValve.invoke(StandardWrapperValve.java:165)
		at org.apache.catalina.core.StandardContextValve.invoke(StandardContextValve.java:77)
		at org.apache.catalina.authenticator.AuthenticatorBase.invoke(AuthenticatorBase.java:534)
		at org.apache.catalina.core.StandardHostValve.invoke(StandardHostValve.java:115)
		at org.apache.catalina.valves.ErrorReportValve.invoke(ErrorReportValve.java:86)
		at org.apache.catalina.valves.AbstractAccessLogValve.invoke(AbstractAccessLogValve.java:782)
		at org.apache.catalina.core.StandardEngineValve.invoke(StandardEngineValve.java:72)
		at org.apache.catalina.connector.CoyoteAdapter.service(CoyoteAdapter.java:347)
		at org.apache.coyote.http11.Http11Processor.service(Http11Processor.java:406)
		at org.apache.coyote.AbstractProcessorLight.process(AbstractProcessorLight.java:71)
		at org.apache.coyote.AbstractProtocol$ConnectionHandler.process(AbstractProtocol.java:1307)
		at org.apache.tomcat.util.net.NioEndpoint$SocketProcessor.doRun(NioEndpoint.java:2036)
		at org.apache.tomcat.util.net.SocketProcessorBase.run(SocketProcessorBase.java:74)
		at org.apache.tomcat.util.threads.ThreadPoolExecutor.runWorker(ThreadPoolExecutor.java:949)
		at org.apache.tomcat.util.threads.ThreadPoolExecutor$Worker.run(ThreadPoolExecutor.java:483)
		at org.apache.tomcat.util.threads.TaskThread$WrappingRunnable.run(TaskThread.java:74)
		at java.base/java.lang.Thread.run(Thread.java:1447)
28-Jun-2026 01:13:24.408 SEVERE [http-nio-8080-exec-3] org.apache.catalina.core.ApplicationDispatcher.invoke Servlet.service() for servlet [jsp] threw exception
	org.apache.jasper.JasperException: Unable to compile class for JSP: 

An error occurred at line: [13] in the jsp file: [/invoice.jsp]
cartProducts cannot be resolved to a variable
10:     </tr>
11: 
12:     <%
13:         if (cartProducts != null && !cartProducts.isEmpty()) {
14:             for (Product p : cartProducts) {
15:     %>
16: 


An error occurred at line: [13] in the jsp file: [/invoice.jsp]
cartProducts cannot be resolved
10:     </tr>
11: 
12:     <%
13:         if (cartProducts != null && !cartProducts.isEmpty()) {
14:             for (Product p : cartProducts) {
15:     %>
16: 


An error occurred at line: [14] in the jsp file: [/invoice.jsp]
cartProducts cannot be resolved to a variable
11: 
12:     <%
13:         if (cartProducts != null && !cartProducts.isEmpty()) {
14:             for (Product p : cartProducts) {
15:     %>
16: 
17:     <tr>


Stacktrace:
		at org.apache.jasper.compiler.DefaultErrorHandler.javacError(DefaultErrorHandler.java:70)
		at org.apache.jasper.compiler.ErrorDispatcher.javacError(ErrorDispatcher.java:189)
		at org.apache.jasper.compiler.JDTCompiler.generateClass(JDTCompiler.java:546)
		at org.apache.jasper.compiler.Compiler.compile(Compiler.java:408)
		at org.apache.jasper.compiler.Compiler.compile(Compiler.java:380)
		at org.apache.jasper.compiler.Compiler.compile(Compiler.java:366)
		at org.apache.jasper.JspCompilationContext.compile(JspCompilationContext.java:746)
		at org.apache.jasper.servlet.JspServletWrapper.service(JspServletWrapper.java:441)
		at org.apache.jasper.servlet.JspServlet.serviceJspFile(JspServlet.java:339)
		at org.apache.jasper.servlet.JspServlet.service(JspServlet.java:290)
		at jakarta.servlet.http.HttpServlet.service(HttpServlet.java:710)
		at org.apache.catalina.core.ApplicationFilterChain.doFilter(ApplicationFilterChain.java:132)
		at org.apache.tomcat.websocket.server.WsFilter.doFilter(WsFilter.java:59)
		at org.apache.catalina.core.ApplicationFilterChain.doFilter(ApplicationFilterChain.java:111)
		at org.apache.catalina.core.ApplicationDispatcher.invoke(ApplicationDispatcher.java:515)
		at org.apache.catalina.core.ApplicationDispatcher.processRequest(ApplicationDispatcher.java:335)
		at org.apache.catalina.core.ApplicationDispatcher.forward(ApplicationDispatcher.java:264)
		at controller.InvoiceServlet.doGet(InvoiceServlet.java:33)
		at jakarta.servlet.http.HttpServlet.service(HttpServlet.java:622)
		at jakarta.servlet.http.HttpServlet.service(HttpServlet.java:710)
		at org.apache.catalina.core.ApplicationFilterChain.doFilter(ApplicationFilterChain.java:132)
		at org.apache.tomcat.websocket.server.WsFilter.doFilter(WsFilter.java:59)
		at org.apache.catalina.core.ApplicationFilterChain.doFilter(ApplicationFilterChain.java:111)
		at org.apache.catalina.core.StandardWrapperValve.invoke(StandardWrapperValve.java:165)
		at org.apache.catalina.core.StandardContextValve.invoke(StandardContextValve.java:77)
		at org.apache.catalina.authenticator.AuthenticatorBase.invoke(AuthenticatorBase.java:534)
		at org.apache.catalina.core.StandardHostValve.invoke(StandardHostValve.java:115)
		at org.apache.catalina.valves.ErrorReportValve.invoke(ErrorReportValve.java:86)
		at org.apache.catalina.valves.AbstractAccessLogValve.invoke(AbstractAccessLogValve.java:782)
		at org.apache.catalina.core.StandardEngineValve.invoke(StandardEngineValve.java:72)
		at org.apache.catalina.connector.CoyoteAdapter.service(CoyoteAdapter.java:347)
		at org.apache.coyote.http11.Http11Processor.service(Http11Processor.java:406)
		at org.apache.coyote.AbstractProcessorLight.process(AbstractProcessorLight.java:71)
		at org.apache.coyote.AbstractProtocol$ConnectionHandler.process(AbstractProtocol.java:1307)
		at org.apache.tomcat.util.net.NioEndpoint$SocketProcessor.doRun(NioEndpoint.java:2036)
		at org.apache.tomcat.util.net.SocketProcessorBase.run(SocketProcessorBase.java:74)
		at org.apache.tomcat.util.threads.ThreadPoolExecutor.runWorker(ThreadPoolExecutor.java:949)
		at org.apache.tomcat.util.threads.ThreadPoolExecutor$Worker.run(ThreadPoolExecutor.java:483)
		at org.apache.tomcat.util.threads.TaskThread$WrappingRunnable.run(TaskThread.java:74)
		at java.base/java.lang.Thread.run(Thread.java:1447)
28-Jun-2026 01:13:24.423 SEVERE [http-nio-8080-exec-3] org.apache.catalina.core.StandardWrapperValve.invoke Servlet.service() for servlet [controller.InvoiceServlet] in context with path [/shop_sphere_servlet] threw exception [org.apache.jasper.JasperException: Unable to compile class for JSP: 

An error occurred at line: [13] in the jsp file: [/invoice.jsp]
cartProducts cannot be resolved to a variable
10:     </tr>
11: 
12:     <%
13:         if (cartProducts != null && !cartProducts.isEmpty()) {
14:             for (Product p : cartProducts) {
15:     %>
16: 


An error occurred at line: [13] in the jsp file: [/invoice.jsp]
cartProducts cannot be resolved
10:     </tr>
11: 
12:     <%
13:         if (cartProducts != null && !cartProducts.isEmpty()) {
14:             for (Product p : cartProducts) {
15:     %>
16: 


An error occurred at line: [14] in the jsp file: [/invoice.jsp]
cartProducts cannot be resolved to a variable
11: 
12:     <%
13:         if (cartProducts != null && !cartProducts.isEmpty()) {
14:             for (Product p : cartProducts) {
15:     %>
16: 
17:     <tr>


Stacktrace:] with root cause
	org.apache.jasper.JasperException: Unable to compile class for JSP: 

An error occurred at line: [13] in the jsp file: [/invoice.jsp]
cartProducts cannot be resolved to a variable
10:     </tr>
11: 
12:     <%
13:         if (cartProducts != null && !cartProducts.isEmpty()) {
14:             for (Product p : cartProducts) {
15:     %>
16: 


An error occurred at line: [13] in the jsp file: [/invoice.jsp]
cartProducts cannot be resolved
10:     </tr>
11: 
12:     <%
13:         if (cartProducts != null && !cartProducts.isEmpty()) {
14:             for (Product p : cartProducts) {
15:     %>
16: 


An error occurred at line: [14] in the jsp file: [/invoice.jsp]
cartProducts cannot be resolved to a variable
11: 
12:     <%
13:         if (cartProducts != null && !cartProducts.isEmpty()) {
14:             for (Product p : cartProducts) {
15:     %>
16: 
17:     <tr>


Stacktrace:
		at org.apache.jasper.compiler.DefaultErrorHandler.javacError(DefaultErrorHandler.java:70)
		at org.apache.jasper.compiler.ErrorDispatcher.javacError(ErrorDispatcher.java:189)
		at org.apache.jasper.compiler.JDTCompiler.generateClass(JDTCompiler.java:546)
		at org.apache.jasper.compiler.Compiler.compile(Compiler.java:408)
		at org.apache.jasper.compiler.Compiler.compile(Compiler.java:380)
		at org.apache.jasper.compiler.Compiler.compile(Compiler.java:366)
		at org.apache.jasper.JspCompilationContext.compile(JspCompilationContext.java:746)
		at org.apache.jasper.servlet.JspServletWrapper.service(JspServletWrapper.java:441)
		at org.apache.jasper.servlet.JspServlet.serviceJspFile(JspServlet.java:339)
		at org.apache.jasper.servlet.JspServlet.service(JspServlet.java:290)
		at jakarta.servlet.http.HttpServlet.service(HttpServlet.java:710)
		at org.apache.catalina.core.ApplicationFilterChain.doFilter(ApplicationFilterChain.java:132)
		at org.apache.tomcat.websocket.server.WsFilter.doFilter(WsFilter.java:59)
		at org.apache.catalina.core.ApplicationFilterChain.doFilter(ApplicationFilterChain.java:111)
		at org.apache.catalina.core.ApplicationDispatcher.invoke(ApplicationDispatcher.java:515)
		at org.apache.catalina.core.ApplicationDispatcher.processRequest(ApplicationDispatcher.java:335)
		at org.apache.catalina.core.ApplicationDispatcher.forward(ApplicationDispatcher.java:264)
		at controller.InvoiceServlet.doGet(InvoiceServlet.java:33)
		at jakarta.servlet.http.HttpServlet.service(HttpServlet.java:622)
		at jakarta.servlet.http.HttpServlet.service(HttpServlet.java:710)
		at org.apache.catalina.core.ApplicationFilterChain.doFilter(ApplicationFilterChain.java:132)
		at org.apache.tomcat.websocket.server.WsFilter.doFilter(WsFilter.java:59)
		at org.apache.catalina.core.ApplicationFilterChain.doFilter(ApplicationFilterChain.java:111)
		at org.apache.catalina.core.StandardWrapperValve.invoke(StandardWrapperValve.java:165)
		at org.apache.catalina.core.StandardContextValve.invoke(StandardContextValve.java:77)
		at org.apache.catalina.authenticator.AuthenticatorBase.invoke(AuthenticatorBase.java:534)
		at org.apache.catalina.core.StandardHostValve.invoke(StandardHostValve.java:115)
		at org.apache.catalina.valves.ErrorReportValve.invoke(ErrorReportValve.java:86)
		at org.apache.catalina.valves.AbstractAccessLogValve.invoke(AbstractAccessLogValve.java:782)
		at org.apache.catalina.core.StandardEngineValve.invoke(StandardEngineValve.java:72)
		at org.apache.catalina.connector.CoyoteAdapter.service(CoyoteAdapter.java:347)
		at org.apache.coyote.http11.Http11Processor.service(Http11Processor.java:406)
		at org.apache.coyote.AbstractProcessorLight.process(AbstractProcessorLight.java:71)
		at org.apache.coyote.AbstractProtocol$ConnectionHandler.process(AbstractProtocol.java:1307)
		at org.apache.tomcat.util.net.NioEndpoint$SocketProcessor.doRun(NioEndpoint.java:2036)
		at org.apache.tomcat.util.net.SocketProcessorBase.run(SocketProcessorBase.java:74)
		at org.apache.tomcat.util.threads.ThreadPoolExecutor.runWorker(ThreadPoolExecutor.java:949)
		at org.apache.tomcat.util.threads.ThreadPoolExecutor$Worker.run(ThreadPoolExecutor.java:483)
		at org.apache.tomcat.util.threads.TaskThread$WrappingRunnable.run(TaskThread.java:74)
		at java.base/java.lang.Thread.run(Thread.java:1447)
28-Jun-2026 01:14:41.790 SEVERE [http-nio-8080-exec-5] org.apache.catalina.core.ApplicationDispatcher.invoke Servlet.service() for servlet [jsp] threw exception
	org.apache.jasper.JasperException: Unable to compile class for JSP: 

An error occurred at line: [15] in the jsp file: [/invoice.jsp]
p cannot be resolved
12:     
13: 
14:     <tr>
15:         <td><%= p.getProductName() %></td>
16:         <td>₹<%= p.getPrice() %></td>
17:         <td><%= p.getQuantity() %></td>
18:         <td>₹<%= p.getPrice() * p.getQuantity() %></td>


An error occurred at line: [16] in the jsp file: [/invoice.jsp]
p cannot be resolved
13: 
14:     <tr>
15:         <td><%= p.getProductName() %></td>
16:         <td>₹<%= p.getPrice() %></td>
17:         <td><%= p.getQuantity() %></td>
18:         <td>₹<%= p.getPrice() * p.getQuantity() %></td>
19:     </tr>


An error occurred at line: [17] in the jsp file: [/invoice.jsp]
p cannot be resolved
14:     <tr>
15:         <td><%= p.getProductName() %></td>
16:         <td>₹<%= p.getPrice() %></td>
17:         <td><%= p.getQuantity() %></td>
18:         <td>₹<%= p.getPrice() * p.getQuantity() %></td>
19:     </tr>
20: 


An error occurred at line: [18] in the jsp file: [/invoice.jsp]
p cannot be resolved
15:         <td><%= p.getProductName() %></td>
16:         <td>₹<%= p.getPrice() %></td>
17:         <td><%= p.getQuantity() %></td>
18:         <td>₹<%= p.getPrice() * p.getQuantity() %></td>
19:     </tr>
20: 
21:     <%


An error occurred at line: [18] in the jsp file: [/invoice.jsp]
p cannot be resolved
15:         <td><%= p.getProductName() %></td>
16:         <td>₹<%= p.getPrice() %></td>
17:         <td><%= p.getQuantity() %></td>
18:         <td>₹<%= p.getPrice() * p.getQuantity() %></td>
19:     </tr>
20: 
21:     <%


An error occurred at line: [22] in the jsp file: [/invoice.jsp]
Syntax error, insert "Finally" to complete TryStatement
19:     </tr>
20: 
21:     <%
22:         }
23:     } else {
24:     %>
25: 


An error occurred at line: [23] in the jsp file: [/invoice.jsp]
Syntax error on token "else", { expected
20: 
21:     <%
22:         }
23:     } else {
24:     %>
25: 
26:     <tr>


An error occurred at line: [24] in the jsp file: [/invoice.jsp]
out cannot be resolved
21:     <%
22:         }
23:     } else {
24:     %>
25: 
26:     <tr>
27:         <td colspan="4">No products found.</td>


An error occurred at line: [24] in the jsp file: [/invoice.jsp]
out cannot be resolved
21:     <%
22:         }
23:     } else {
24:     %>
25: 
26:     <tr>
27:         <td colspan="4">No products found.</td>


An error occurred at line: [24] in the jsp file: [/invoice.jsp]
out cannot be resolved
21:     <%
22:         }
23:     } else {
24:     %>
25: 
26:     <tr>
27:         <td colspan="4">No products found.</td>


An error occurred at line: [24] in the jsp file: [/invoice.jsp]
out cannot be resolved
21:     <%
22:         }
23:     } else {
24:     %>
25: 
26:     <tr>
27:         <td colspan="4">No products found.</td>


An error occurred at line: [24] in the jsp file: [/invoice.jsp]
out cannot be resolved
21:     <%
22:         }
23:     } else {
24:     %>
25: 
26:     <tr>
27:         <td colspan="4">No products found.</td>


An error occurred at line: [24] in the jsp file: [/invoice.jsp]
out cannot be resolved
21:     <%
22:         }
23:     } else {
24:     %>
25: 
26:     <tr>
27:         <td colspan="4">No products found.</td>


An error occurred at line: [24] in the jsp file: [/invoice.jsp]
out cannot be resolved
21:     <%
22:         }
23:     } else {
24:     %>
25: 
26:     <tr>
27:         <td colspan="4">No products found.</td>


An error occurred at line: [170] in the generated java file: [C:\Users\pcc\Downloads\Shop_Sphere_Servlet\Shop_Sphere_Servlet\work\Catalina\localhost\shop_sphere_servlet\org\apache\jsp\invoice_jsp.java]
Syntax error on token "catch", Identifier expected

An error occurred at line: [172] in the generated java file: [C:\Users\pcc\Downloads\Shop_Sphere_Servlet\Shop_Sphere_Servlet\work\Catalina\localhost\shop_sphere_servlet\org\apache\jsp\invoice_jsp.java]
out cannot be resolved to a variable

An error occurred at line: [172] in the generated java file: [C:\Users\pcc\Downloads\Shop_Sphere_Servlet\Shop_Sphere_Servlet\work\Catalina\localhost\shop_sphere_servlet\org\apache\jsp\invoice_jsp.java]
_jspx_out cannot be resolved to a variable

An error occurred at line: [173] in the generated java file: [C:\Users\pcc\Downloads\Shop_Sphere_Servlet\Shop_Sphere_Servlet\work\Catalina\localhost\shop_sphere_servlet\org\apache\jsp\invoice_jsp.java]
out cannot be resolved to a variable

An error occurred at line: [173] in the generated java file: [C:\Users\pcc\Downloads\Shop_Sphere_Servlet\Shop_Sphere_Servlet\work\Catalina\localhost\shop_sphere_servlet\org\apache\jsp\invoice_jsp.java]
out cannot be resolved

An error occurred at line: [175] in the generated java file: [C:\Users\pcc\Downloads\Shop_Sphere_Servlet\Shop_Sphere_Servlet\work\Catalina\localhost\shop_sphere_servlet\org\apache\jsp\invoice_jsp.java]
response cannot be resolved

An error occurred at line: [176] in the generated java file: [C:\Users\pcc\Downloads\Shop_Sphere_Servlet\Shop_Sphere_Servlet\work\Catalina\localhost\shop_sphere_servlet\org\apache\jsp\invoice_jsp.java]
out cannot be resolved

An error occurred at line: [178] in the generated java file: [C:\Users\pcc\Downloads\Shop_Sphere_Servlet\Shop_Sphere_Servlet\work\Catalina\localhost\shop_sphere_servlet\org\apache\jsp\invoice_jsp.java]
out cannot be resolved

An error occurred at line: [181] in the generated java file: [C:\Users\pcc\Downloads\Shop_Sphere_Servlet\Shop_Sphere_Servlet\work\Catalina\localhost\shop_sphere_servlet\org\apache\jsp\invoice_jsp.java]
_jspx_page_context cannot be resolved to a variable

An error occurred at line: [181] in the generated java file: [C:\Users\pcc\Downloads\Shop_Sphere_Servlet\Shop_Sphere_Servlet\work\Catalina\localhost\shop_sphere_servlet\org\apache\jsp\invoice_jsp.java]
_jspx_page_context cannot be resolved

An error occurred at line: [184] in the generated java file: [C:\Users\pcc\Downloads\Shop_Sphere_Servlet\Shop_Sphere_Servlet\work\Catalina\localhost\shop_sphere_servlet\org\apache\jsp\invoice_jsp.java]
Syntax error on token "finally", { expected

An error occurred at line: [185] in the generated java file: [C:\Users\pcc\Downloads\Shop_Sphere_Servlet\Shop_Sphere_Servlet\work\Catalina\localhost\shop_sphere_servlet\org\apache\jsp\invoice_jsp.java]
_jspx_page_context cannot be resolved to a variable

Stacktrace:
		at org.apache.jasper.compiler.DefaultErrorHandler.javacError(DefaultErrorHandler.java:70)
		at org.apache.jasper.compiler.ErrorDispatcher.javacError(ErrorDispatcher.java:189)
		at org.apache.jasper.compiler.JDTCompiler.generateClass(JDTCompiler.java:546)
		at org.apache.jasper.compiler.Compiler.compile(Compiler.java:408)
		at org.apache.jasper.compiler.Compiler.compile(Compiler.java:380)
		at org.apache.jasper.compiler.Compiler.compile(Compiler.java:366)
		at org.apache.jasper.JspCompilationContext.compile(JspCompilationContext.java:746)
		at org.apache.jasper.servlet.JspServletWrapper.service(JspServletWrapper.java:441)
		at org.apache.jasper.servlet.JspServlet.serviceJspFile(JspServlet.java:339)
		at org.apache.jasper.servlet.JspServlet.service(JspServlet.java:290)
		at jakarta.servlet.http.HttpServlet.service(HttpServlet.java:710)
		at org.apache.catalina.core.ApplicationFilterChain.doFilter(ApplicationFilterChain.java:132)
		at org.apache.tomcat.websocket.server.WsFilter.doFilter(WsFilter.java:59)
		at org.apache.catalina.core.ApplicationFilterChain.doFilter(ApplicationFilterChain.java:111)
		at org.apache.catalina.core.ApplicationDispatcher.invoke(ApplicationDispatcher.java:515)
		at org.apache.catalina.core.ApplicationDispatcher.processRequest(ApplicationDispatcher.java:335)
		at org.apache.catalina.core.ApplicationDispatcher.forward(ApplicationDispatcher.java:264)
		at controller.InvoiceServlet.doGet(InvoiceServlet.java:33)
		at jakarta.servlet.http.HttpServlet.service(HttpServlet.java:622)
		at jakarta.servlet.http.HttpServlet.service(HttpServlet.java:710)
		at org.apache.catalina.core.ApplicationFilterChain.doFilter(ApplicationFilterChain.java:132)
		at org.apache.tomcat.websocket.server.WsFilter.doFilter(WsFilter.java:59)
		at org.apache.catalina.core.ApplicationFilterChain.doFilter(ApplicationFilterChain.java:111)
		at org.apache.catalina.core.StandardWrapperValve.invoke(StandardWrapperValve.java:165)
		at org.apache.catalina.core.StandardContextValve.invoke(StandardContextValve.java:77)
		at org.apache.catalina.authenticator.AuthenticatorBase.invoke(AuthenticatorBase.java:534)
		at org.apache.catalina.core.StandardHostValve.invoke(StandardHostValve.java:115)
		at org.apache.catalina.valves.ErrorReportValve.invoke(ErrorReportValve.java:86)
		at org.apache.catalina.valves.AbstractAccessLogValve.invoke(AbstractAccessLogValve.java:782)
		at org.apache.catalina.core.StandardEngineValve.invoke(StandardEngineValve.java:72)
		at org.apache.catalina.connector.CoyoteAdapter.service(CoyoteAdapter.java:347)
		at org.apache.coyote.http11.Http11Processor.service(Http11Processor.java:406)
		at org.apache.coyote.AbstractProcessorLight.process(AbstractProcessorLight.java:71)
		at org.apache.coyote.AbstractProtocol$ConnectionHandler.process(AbstractProtocol.java:1307)
		at org.apache.tomcat.util.net.NioEndpoint$SocketProcessor.doRun(NioEndpoint.java:2036)
		at org.apache.tomcat.util.net.SocketProcessorBase.run(SocketProcessorBase.java:74)
		at org.apache.tomcat.util.threads.ThreadPoolExecutor.runWorker(ThreadPoolExecutor.java:949)
		at org.apache.tomcat.util.threads.ThreadPoolExecutor$Worker.run(ThreadPoolExecutor.java:483)
		at org.apache.tomcat.util.threads.TaskThread$WrappingRunnable.run(TaskThread.java:74)
		at java.base/java.lang.Thread.run(Thread.java:1447)
28-Jun-2026 01:14:41.790 SEVERE [http-nio-8080-exec-5] org.apache.catalina.core.StandardWrapperValve.invoke Servlet.service() for servlet [controller.InvoiceServlet] in context with path [/shop_sphere_servlet] threw exception [org.apache.jasper.JasperException: Unable to compile class for JSP: 

An error occurred at line: [15] in the jsp file: [/invoice.jsp]
p cannot be resolved
12:     
13: 
14:     <tr>
15:         <td><%= p.getProductName() %></td>
16:         <td>₹<%= p.getPrice() %></td>
17:         <td><%= p.getQuantity() %></td>
18:         <td>₹<%= p.getPrice() * p.getQuantity() %></td>


An error occurred at line: [16] in the jsp file: [/invoice.jsp]
p cannot be resolved
13: 
14:     <tr>
15:         <td><%= p.getProductName() %></td>
16:         <td>₹<%= p.getPrice() %></td>
17:         <td><%= p.getQuantity() %></td>
18:         <td>₹<%= p.getPrice() * p.getQuantity() %></td>
19:     </tr>


An error occurred at line: [17] in the jsp file: [/invoice.jsp]
p cannot be resolved
14:     <tr>
15:         <td><%= p.getProductName() %></td>
16:         <td>₹<%= p.getPrice() %></td>
17:         <td><%= p.getQuantity() %></td>
18:         <td>₹<%= p.getPrice() * p.getQuantity() %></td>
19:     </tr>
20: 


An error occurred at line: [18] in the jsp file: [/invoice.jsp]
p cannot be resolved
15:         <td><%= p.getProductName() %></td>
16:         <td>₹<%= p.getPrice() %></td>
17:         <td><%= p.getQuantity() %></td>
18:         <td>₹<%= p.getPrice() * p.getQuantity() %></td>
19:     </tr>
20: 
21:     <%


An error occurred at line: [18] in the jsp file: [/invoice.jsp]
p cannot be resolved
15:         <td><%= p.getProductName() %></td>
16:         <td>₹<%= p.getPrice() %></td>
17:         <td><%= p.getQuantity() %></td>
18:         <td>₹<%= p.getPrice() * p.getQuantity() %></td>
19:     </tr>
20: 
21:     <%


An error occurred at line: [22] in the jsp file: [/invoice.jsp]
Syntax error, insert "Finally" to complete TryStatement
19:     </tr>
20: 
21:     <%
22:         }
23:     } else {
24:     %>
25: 


An error occurred at line: [23] in the jsp file: [/invoice.jsp]
Syntax error on token "else", { expected
20: 
21:     <%
22:         }
23:     } else {
24:     %>
25: 
26:     <tr>


An error occurred at line: [24] in the jsp file: [/invoice.jsp]
out cannot be resolved
21:     <%
22:         }
23:     } else {
24:     %>
25: 
26:     <tr>
27:         <td colspan="4">No products found.</td>


An error occurred at line: [24] in the jsp file: [/invoice.jsp]
out cannot be resolved
21:     <%
22:         }
23:     } else {
24:     %>
25: 
26:     <tr>
27:         <td colspan="4">No products found.</td>


An error occurred at line: [24] in the jsp file: [/invoice.jsp]
out cannot be resolved
21:     <%
22:         }
23:     } else {
24:     %>
25: 
26:     <tr>
27:         <td colspan="4">No products found.</td>


An error occurred at line: [24] in the jsp file: [/invoice.jsp]
out cannot be resolved
21:     <%
22:         }
23:     } else {
24:     %>
25: 
26:     <tr>
27:         <td colspan="4">No products found.</td>


An error occurred at line: [24] in the jsp file: [/invoice.jsp]
out cannot be resolved
21:     <%
22:         }
23:     } else {
24:     %>
25: 
26:     <tr>
27:         <td colspan="4">No products found.</td>


An error occurred at line: [24] in the jsp file: [/invoice.jsp]
out cannot be resolved
21:     <%
22:         }
23:     } else {
24:     %>
25: 
26:     <tr>
27:         <td colspan="4">No products found.</td>


An error occurred at line: [24] in the jsp file: [/invoice.jsp]
out cannot be resolved
21:     <%
22:         }
23:     } else {
24:     %>
25: 
26:     <tr>
27:         <td colspan="4">No products found.</td>


An error occurred at line: [170] in the generated java file: [C:\Users\pcc\Downloads\Shop_Sphere_Servlet\Shop_Sphere_Servlet\work\Catalina\localhost\shop_sphere_servlet\org\apache\jsp\invoice_jsp.java]
Syntax error on token "catch", Identifier expected

An error occurred at line: [172] in the generated java file: [C:\Users\pcc\Downloads\Shop_Sphere_Servlet\Shop_Sphere_Servlet\work\Catalina\localhost\shop_sphere_servlet\org\apache\jsp\invoice_jsp.java]
out cannot be resolved to a variable

An error occurred at line: [172] in the generated java file: [C:\Users\pcc\Downloads\Shop_Sphere_Servlet\Shop_Sphere_Servlet\work\Catalina\localhost\shop_sphere_servlet\org\apache\jsp\invoice_jsp.java]
_jspx_out cannot be resolved to a variable

An error occurred at line: [173] in the generated java file: [C:\Users\pcc\Downloads\Shop_Sphere_Servlet\Shop_Sphere_Servlet\work\Catalina\localhost\shop_sphere_servlet\org\apache\jsp\invoice_jsp.java]
out cannot be resolved to a variable

An error occurred at line: [173] in the generated java file: [C:\Users\pcc\Downloads\Shop_Sphere_Servlet\Shop_Sphere_Servlet\work\Catalina\localhost\shop_sphere_servlet\org\apache\jsp\invoice_jsp.java]
out cannot be resolved

An error occurred at line: [175] in the generated java file: [C:\Users\pcc\Downloads\Shop_Sphere_Servlet\Shop_Sphere_Servlet\work\Catalina\localhost\shop_sphere_servlet\org\apache\jsp\invoice_jsp.java]
response cannot be resolved

An error occurred at line: [176] in the generated java file: [C:\Users\pcc\Downloads\Shop_Sphere_Servlet\Shop_Sphere_Servlet\work\Catalina\localhost\shop_sphere_servlet\org\apache\jsp\invoice_jsp.java]
out cannot be resolved

An error occurred at line: [178] in the generated java file: [C:\Users\pcc\Downloads\Shop_Sphere_Servlet\Shop_Sphere_Servlet\work\Catalina\localhost\shop_sphere_servlet\org\apache\jsp\invoice_jsp.java]
out cannot be resolved

An error occurred at line: [181] in the generated java file: [C:\Users\pcc\Downloads\Shop_Sphere_Servlet\Shop_Sphere_Servlet\work\Catalina\localhost\shop_sphere_servlet\org\apache\jsp\invoice_jsp.java]
_jspx_page_context cannot be resolved to a variable

An error occurred at line: [181] in the generated java file: [C:\Users\pcc\Downloads\Shop_Sphere_Servlet\Shop_Sphere_Servlet\work\Catalina\localhost\shop_sphere_servlet\org\apache\jsp\invoice_jsp.java]
_jspx_page_context cannot be resolved

An error occurred at line: [184] in the generated java file: [C:\Users\pcc\Downloads\Shop_Sphere_Servlet\Shop_Sphere_Servlet\work\Catalina\localhost\shop_sphere_servlet\org\apache\jsp\invoice_jsp.java]
Syntax error on token "finally", { expected

An error occurred at line: [185] in the generated java file: [C:\Users\pcc\Downloads\Shop_Sphere_Servlet\Shop_Sphere_Servlet\work\Catalina\localhost\shop_sphere_servlet\org\apache\jsp\invoice_jsp.java]
_jspx_page_context cannot be resolved to a variable

Stacktrace:] with root cause
	org.apache.jasper.JasperException: Unable to compile class for JSP: 

An error occurred at line: [15] in the jsp file: [/invoice.jsp]
p cannot be resolved
12:     
13: 
14:     <tr>
15:         <td><%= p.getProductName() %></td>
16:         <td>₹<%= p.getPrice() %></td>
17:         <td><%= p.getQuantity() %></td>
18:         <td>₹<%= p.getPrice() * p.getQuantity() %></td>


An error occurred at line: [16] in the jsp file: [/invoice.jsp]
p cannot be resolved
13: 
14:     <tr>
15:         <td><%= p.getProductName() %></td>
16:         <td>₹<%= p.getPrice() %></td>
17:         <td><%= p.getQuantity() %></td>
18:         <td>₹<%= p.getPrice() * p.getQuantity() %></td>
19:     </tr>


An error occurred at line: [17] in the jsp file: [/invoice.jsp]
p cannot be resolved
14:     <tr>
15:         <td><%= p.getProductName() %></td>
16:         <td>₹<%= p.getPrice() %></td>
17:         <td><%= p.getQuantity() %></td>
18:         <td>₹<%= p.getPrice() * p.getQuantity() %></td>
19:     </tr>
20: 


An error occurred at line: [18] in the jsp file: [/invoice.jsp]
p cannot be resolved
15:         <td><%= p.getProductName() %></td>
16:         <td>₹<%= p.getPrice() %></td>
17:         <td><%= p.getQuantity() %></td>
18:         <td>₹<%= p.getPrice() * p.getQuantity() %></td>
19:     </tr>
20: 
21:     <%


An error occurred at line: [18] in the jsp file: [/invoice.jsp]
p cannot be resolved
15:         <td><%= p.getProductName() %></td>
16:         <td>₹<%= p.getPrice() %></td>
17:         <td><%= p.getQuantity() %></td>
18:         <td>₹<%= p.getPrice() * p.getQuantity() %></td>
19:     </tr>
20: 
21:     <%


An error occurred at line: [22] in the jsp file: [/invoice.jsp]
Syntax error, insert "Finally" to complete TryStatement
19:     </tr>
20: 
21:     <%
22:         }
23:     } else {
24:     %>
25: 


An error occurred at line: [23] in the jsp file: [/invoice.jsp]
Syntax error on token "else", { expected
20: 
21:     <%
22:         }
23:     } else {
24:     %>
25: 
26:     <tr>


An error occurred at line: [24] in the jsp file: [/invoice.jsp]
out cannot be resolved
21:     <%
22:         }
23:     } else {
24:     %>
25: 
26:     <tr>
27:         <td colspan="4">No products found.</td>


An error occurred at line: [24] in the jsp file: [/invoice.jsp]
out cannot be resolved
21:     <%
22:         }
23:     } else {
24:     %>
25: 
26:     <tr>
27:         <td colspan="4">No products found.</td>


An error occurred at line: [24] in the jsp file: [/invoice.jsp]
out cannot be resolved
21:     <%
22:         }
23:     } else {
24:     %>
25: 
26:     <tr>
27:         <td colspan="4">No products found.</td>


An error occurred at line: [24] in the jsp file: [/invoice.jsp]
out cannot be resolved
21:     <%
22:         }
23:     } else {
24:     %>
25: 
26:     <tr>
27:         <td colspan="4">No products found.</td>


An error occurred at line: [24] in the jsp file: [/invoice.jsp]
out cannot be resolved
21:     <%
22:         }
23:     } else {
24:     %>
25: 
26:     <tr>
27:         <td colspan="4">No products found.</td>


An error occurred at line: [24] in the jsp file: [/invoice.jsp]
out cannot be resolved
21:     <%
22:         }
23:     } else {
24:     %>
25: 
26:     <tr>
27:         <td colspan="4">No products found.</td>


An error occurred at line: [24] in the jsp file: [/invoice.jsp]
out cannot be resolved
21:     <%
22:         }
23:     } else {
24:     %>
25: 
26:     <tr>
27:         <td colspan="4">No products found.</td>


An error occurred at line: [170] in the generated java file: [C:\Users\pcc\Downloads\Shop_Sphere_Servlet\Shop_Sphere_Servlet\work\Catalina\localhost\shop_sphere_servlet\org\apache\jsp\invoice_jsp.java]
Syntax error on token "catch", Identifier expected

An error occurred at line: [172] in the generated java file: [C:\Users\pcc\Downloads\Shop_Sphere_Servlet\Shop_Sphere_Servlet\work\Catalina\localhost\shop_sphere_servlet\org\apache\jsp\invoice_jsp.java]
out cannot be resolved to a variable

An error occurred at line: [172] in the generated java file: [C:\Users\pcc\Downloads\Shop_Sphere_Servlet\Shop_Sphere_Servlet\work\Catalina\localhost\shop_sphere_servlet\org\apache\jsp\invoice_jsp.java]
_jspx_out cannot be resolved to a variable

An error occurred at line: [173] in the generated java file: [C:\Users\pcc\Downloads\Shop_Sphere_Servlet\Shop_Sphere_Servlet\work\Catalina\localhost\shop_sphere_servlet\org\apache\jsp\invoice_jsp.java]
out cannot be resolved to a variable

An error occurred at line: [173] in the generated java file: [C:\Users\pcc\Downloads\Shop_Sphere_Servlet\Shop_Sphere_Servlet\work\Catalina\localhost\shop_sphere_servlet\org\apache\jsp\invoice_jsp.java]
out cannot be resolved

An error occurred at line: [175] in the generated java file: [C:\Users\pcc\Downloads\Shop_Sphere_Servlet\Shop_Sphere_Servlet\work\Catalina\localhost\shop_sphere_servlet\org\apache\jsp\invoice_jsp.java]
response cannot be resolved

An error occurred at line: [176] in the generated java file: [C:\Users\pcc\Downloads\Shop_Sphere_Servlet\Shop_Sphere_Servlet\work\Catalina\localhost\shop_sphere_servlet\org\apache\jsp\invoice_jsp.java]
out cannot be resolved

An error occurred at line: [178] in the generated java file: [C:\Users\pcc\Downloads\Shop_Sphere_Servlet\Shop_Sphere_Servlet\work\Catalina\localhost\shop_sphere_servlet\org\apache\jsp\invoice_jsp.java]
out cannot be resolved

An error occurred at line: [181] in the generated java file: [C:\Users\pcc\Downloads\Shop_Sphere_Servlet\Shop_Sphere_Servlet\work\Catalina\localhost\shop_sphere_servlet\org\apache\jsp\invoice_jsp.java]
_jspx_page_context cannot be resolved to a variable

An error occurred at line: [181] in the generated java file: [C:\Users\pcc\Downloads\Shop_Sphere_Servlet\Shop_Sphere_Servlet\work\Catalina\localhost\shop_sphere_servlet\org\apache\jsp\invoice_jsp.java]
_jspx_page_context cannot be resolved

An error occurred at line: [184] in the generated java file: [C:\Users\pcc\Downloads\Shop_Sphere_Servlet\Shop_Sphere_Servlet\work\Catalina\localhost\shop_sphere_servlet\org\apache\jsp\invoice_jsp.java]
Syntax error on token "finally", { expected

An error occurred at line: [185] in the generated java file: [C:\Users\pcc\Downloads\Shop_Sphere_Servlet\Shop_Sphere_Servlet\work\Catalina\localhost\shop_sphere_servlet\org\apache\jsp\invoice_jsp.java]
_jspx_page_context cannot be resolved to a variable

Stacktrace:
		at org.apache.jasper.compiler.DefaultErrorHandler.javacError(DefaultErrorHandler.java:70)
		at org.apache.jasper.compiler.ErrorDispatcher.javacError(ErrorDispatcher.java:189)
		at org.apache.jasper.compiler.JDTCompiler.generateClass(JDTCompiler.java:546)
		at org.apache.jasper.compiler.Compiler.compile(Compiler.java:408)
		at org.apache.jasper.compiler.Compiler.compile(Compiler.java:380)
		at org.apache.jasper.compiler.Compiler.compile(Compiler.java:366)
		at org.apache.jasper.JspCompilationContext.compile(JspCompilationContext.java:746)
		at org.apache.jasper.servlet.JspServletWrapper.service(JspServletWrapper.java:441)
		at org.apache.jasper.servlet.JspServlet.serviceJspFile(JspServlet.java:339)
		at org.apache.jasper.servlet.JspServlet.service(JspServlet.java:290)
		at jakarta.servlet.http.HttpServlet.service(HttpServlet.java:710)
		at org.apache.catalina.core.ApplicationFilterChain.doFilter(ApplicationFilterChain.java:132)
		at org.apache.tomcat.websocket.server.WsFilter.doFilter(WsFilter.java:59)
		at org.apache.catalina.core.ApplicationFilterChain.doFilter(ApplicationFilterChain.java:111)
		at org.apache.catalina.core.ApplicationDispatcher.invoke(ApplicationDispatcher.java:515)
		at org.apache.catalina.core.ApplicationDispatcher.processRequest(ApplicationDispatcher.java:335)
		at org.apache.catalina.core.ApplicationDispatcher.forward(ApplicationDispatcher.java:264)
		at controller.InvoiceServlet.doGet(InvoiceServlet.java:33)
		at jakarta.servlet.http.HttpServlet.service(HttpServlet.java:622)
		at jakarta.servlet.http.HttpServlet.service(HttpServlet.java:710)
		at org.apache.catalina.core.ApplicationFilterChain.doFilter(ApplicationFilterChain.java:132)
		at org.apache.tomcat.websocket.server.WsFilter.doFilter(WsFilter.java:59)
		at org.apache.catalina.core.ApplicationFilterChain.doFilter(ApplicationFilterChain.java:111)
		at org.apache.catalina.core.StandardWrapperValve.invoke(StandardWrapperValve.java:165)
		at org.apache.catalina.core.StandardContextValve.invoke(StandardContextValve.java:77)
		at org.apache.catalina.authenticator.AuthenticatorBase.invoke(AuthenticatorBase.java:534)
		at org.apache.catalina.core.StandardHostValve.invoke(StandardHostValve.java:115)
		at org.apache.catalina.valves.ErrorReportValve.invoke(ErrorReportValve.java:86)
		at org.apache.catalina.valves.AbstractAccessLogValve.invoke(AbstractAccessLogValve.java:782)
		at org.apache.catalina.core.StandardEngineValve.invoke(StandardEngineValve.java:72)
		at org.apache.catalina.connector.CoyoteAdapter.service(CoyoteAdapter.java:347)
		at org.apache.coyote.http11.Http11Processor.service(Http11Processor.java:406)
		at org.apache.coyote.AbstractProcessorLight.process(AbstractProcessorLight.java:71)
		at org.apache.coyote.AbstractProtocol$ConnectionHandler.process(AbstractProtocol.java:1307)
		at org.apache.tomcat.util.net.NioEndpoint$SocketProcessor.doRun(NioEndpoint.java:2036)
		at org.apache.tomcat.util.net.SocketProcessorBase.run(SocketProcessorBase.java:74)
		at org.apache.tomcat.util.threads.ThreadPoolExecutor.runWorker(ThreadPoolExecutor.java:949)
		at org.apache.tomcat.util.threads.ThreadPoolExecutor$Worker.run(ThreadPoolExecutor.java:483)
		at org.apache.tomcat.util.threads.TaskThread$WrappingRunnable.run(TaskThread.java:74)
		at java.base/java.lang.Thread.run(Thread.java:1447)
28-Jun-2026 13:52:19.695 SEVERE [http-nio-8080-exec-5] org.apache.catalina.core.StandardWrapperValve.invoke Servlet.service() for servlet [jsp] in context with path [/shop_sphere_servlet] threw exception [org.apache.jasper.JasperException: Unable to compile class for JSP: 

An error occurred at line: [15] in the generated java file: [C:\Users\pcc\Desktop\Shop_Sphere_Servlet\work\Catalina\localhost\shop_sphere_servlet\org\apache\jsp\u_005flogin_jsp.java]
The import util.DBConnection cannot be resolved

An error occurred at line: [16] in the jsp file: [/u_login.jsp]
DBConnection cannot be resolved
13:         errorMessage = "Please enter both name and password.";
14:     } else {
15:         try {
16:             Connection con = DBConnection.getConnection();
17:             if (con == null) {
18:                 throw new SQLException("Database connection is null");
19:             }


Stacktrace:] with root cause
	org.apache.jasper.JasperException: Unable to compile class for JSP: 

An error occurred at line: [15] in the generated java file: [C:\Users\pcc\Desktop\Shop_Sphere_Servlet\work\Catalina\localhost\shop_sphere_servlet\org\apache\jsp\u_005flogin_jsp.java]
The import util.DBConnection cannot be resolved

An error occurred at line: [16] in the jsp file: [/u_login.jsp]
DBConnection cannot be resolved
13:         errorMessage = "Please enter both name and password.";
14:     } else {
15:         try {
16:             Connection con = DBConnection.getConnection();
17:             if (con == null) {
18:                 throw new SQLException("Database connection is null");
19:             }


Stacktrace:
		at org.apache.jasper.compiler.DefaultErrorHandler.javacError(DefaultErrorHandler.java:70)
		at org.apache.jasper.compiler.ErrorDispatcher.javacError(ErrorDispatcher.java:189)
		at org.apache.jasper.compiler.JDTCompiler.generateClass(JDTCompiler.java:546)
		at org.apache.jasper.compiler.Compiler.compile(Compiler.java:408)
		at org.apache.jasper.compiler.Compiler.compile(Compiler.java:380)
		at org.apache.jasper.compiler.Compiler.compile(Compiler.java:366)
		at org.apache.jasper.JspCompilationContext.compile(JspCompilationContext.java:746)
		at org.apache.jasper.servlet.JspServletWrapper.service(JspServletWrapper.java:441)
		at org.apache.jasper.servlet.JspServlet.serviceJspFile(JspServlet.java:339)
		at org.apache.jasper.servlet.JspServlet.service(JspServlet.java:290)
		at jakarta.servlet.http.HttpServlet.service(HttpServlet.java:710)
		at org.apache.catalina.core.ApplicationFilterChain.doFilter(ApplicationFilterChain.java:132)
		at org.apache.tomcat.websocket.server.WsFilter.doFilter(WsFilter.java:59)
		at org.apache.catalina.core.ApplicationFilterChain.doFilter(ApplicationFilterChain.java:111)
		at org.apache.catalina.core.StandardWrapperValve.invoke(StandardWrapperValve.java:165)
		at org.apache.catalina.core.StandardContextValve.invoke(StandardContextValve.java:77)
		at org.apache.catalina.authenticator.AuthenticatorBase.invoke(AuthenticatorBase.java:534)
		at org.apache.catalina.core.StandardHostValve.invoke(StandardHostValve.java:115)
		at org.apache.catalina.valves.ErrorReportValve.invoke(ErrorReportValve.java:86)
		at org.apache.catalina.valves.AbstractAccessLogValve.invoke(AbstractAccessLogValve.java:782)
		at org.apache.catalina.core.StandardEngineValve.invoke(StandardEngineValve.java:72)
		at org.apache.catalina.connector.CoyoteAdapter.service(CoyoteAdapter.java:347)
		at org.apache.coyote.http11.Http11Processor.service(Http11Processor.java:406)
		at org.apache.coyote.AbstractProcessorLight.process(AbstractProcessorLight.java:71)
		at org.apache.coyote.AbstractProtocol$ConnectionHandler.process(AbstractProtocol.java:1307)
		at org.apache.tomcat.util.net.NioEndpoint$SocketProcessor.doRun(NioEndpoint.java:2036)
		at org.apache.tomcat.util.net.SocketProcessorBase.run(SocketProcessorBase.java:74)
		at org.apache.tomcat.util.threads.ThreadPoolExecutor.runWorker(ThreadPoolExecutor.java:949)
		at org.apache.tomcat.util.threads.ThreadPoolExecutor$Worker.run(ThreadPoolExecutor.java:483)
		at org.apache.tomcat.util.threads.TaskThread$WrappingRunnable.run(TaskThread.java:74)
		at java.base/java.lang.Thread.run(Thread.java:1447)
28-Jun-2026 13:54:18.374 SEVERE [http-nio-8080-exec-9] org.apache.catalina.core.StandardWrapperValve.invoke Servlet.service() for servlet [jsp] in context with path [/shop_sphere_servlet] threw exception [org.apache.jasper.JasperException: Unable to compile class for JSP: 

An error occurred at line: [15] in the generated java file: [C:\Users\pcc\Desktop\Shop_Sphere_Servlet\work\Catalina\localhost\shop_sphere_servlet\org\apache\jsp\u_005flogin_jsp.java]
The import util.DBConnection cannot be resolved

An error occurred at line: [16] in the jsp file: [/u_login.jsp]
DBConnection cannot be resolved
13:         errorMessage = "Please enter both name and password.";
14:     } else {
15:         try {
16:             Connection con = DBConnection.getConnection();
17:             if (con == null) {
18:                 throw new SQLException("Database connection is null");
19:             }


Stacktrace:] with root cause
	org.apache.jasper.JasperException: Unable to compile class for JSP: 

An error occurred at line: [15] in the generated java file: [C:\Users\pcc\Desktop\Shop_Sphere_Servlet\work\Catalina\localhost\shop_sphere_servlet\org\apache\jsp\u_005flogin_jsp.java]
The import util.DBConnection cannot be resolved

An error occurred at line: [16] in the jsp file: [/u_login.jsp]
DBConnection cannot be resolved
13:         errorMessage = "Please enter both name and password.";
14:     } else {
15:         try {
16:             Connection con = DBConnection.getConnection();
17:             if (con == null) {
18:                 throw new SQLException("Database connection is null");
19:             }


Stacktrace:
		at org.apache.jasper.compiler.DefaultErrorHandler.javacError(DefaultErrorHandler.java:70)
		at org.apache.jasper.compiler.ErrorDispatcher.javacError(ErrorDispatcher.java:189)
		at org.apache.jasper.compiler.JDTCompiler.generateClass(JDTCompiler.java:546)
		at org.apache.jasper.compiler.Compiler.compile(Compiler.java:408)
		at org.apache.jasper.compiler.Compiler.compile(Compiler.java:380)
		at org.apache.jasper.compiler.Compiler.compile(Compiler.java:366)
		at org.apache.jasper.JspCompilationContext.compile(JspCompilationContext.java:746)
		at org.apache.jasper.servlet.JspServletWrapper.service(JspServletWrapper.java:441)
		at org.apache.jasper.servlet.JspServlet.serviceJspFile(JspServlet.java:339)
		at org.apache.jasper.servlet.JspServlet.service(JspServlet.java:290)
		at jakarta.servlet.http.HttpServlet.service(HttpServlet.java:710)
		at org.apache.catalina.core.ApplicationFilterChain.doFilter(ApplicationFilterChain.java:132)
		at org.apache.tomcat.websocket.server.WsFilter.doFilter(WsFilter.java:59)
		at org.apache.catalina.core.ApplicationFilterChain.doFilter(ApplicationFilterChain.java:111)
		at org.apache.catalina.core.StandardWrapperValve.invoke(StandardWrapperValve.java:165)
		at org.apache.catalina.core.StandardContextValve.invoke(StandardContextValve.java:77)
		at org.apache.catalina.authenticator.AuthenticatorBase.invoke(AuthenticatorBase.java:534)
		at org.apache.catalina.core.StandardHostValve.invoke(StandardHostValve.java:115)
		at org.apache.catalina.valves.ErrorReportValve.invoke(ErrorReportValve.java:86)
		at org.apache.catalina.valves.AbstractAccessLogValve.invoke(AbstractAccessLogValve.java:782)
		at org.apache.catalina.core.StandardEngineValve.invoke(StandardEngineValve.java:72)
		at org.apache.catalina.connector.CoyoteAdapter.service(CoyoteAdapter.java:347)
		at org.apache.coyote.http11.Http11Processor.service(Http11Processor.java:406)
		at org.apache.coyote.AbstractProcessorLight.process(AbstractProcessorLight.java:71)
		at org.apache.coyote.AbstractProtocol$ConnectionHandler.process(AbstractProtocol.java:1307)
		at org.apache.tomcat.util.net.NioEndpoint$SocketProcessor.doRun(NioEndpoint.java:2036)
		at org.apache.tomcat.util.net.SocketProcessorBase.run(SocketProcessorBase.java:74)
		at org.apache.tomcat.util.threads.ThreadPoolExecutor.runWorker(ThreadPoolExecutor.java:949)
		at org.apache.tomcat.util.threads.ThreadPoolExecutor$Worker.run(ThreadPoolExecutor.java:483)
		at org.apache.tomcat.util.threads.TaskThread$WrappingRunnable.run(TaskThread.java:74)
		at java.base/java.lang.Thread.run(Thread.java:1447)
28-Jun-2026 13:54:24.509 SEVERE [http-nio-8080-exec-10] org.apache.catalina.core.StandardWrapperValve.invoke Servlet.service() for servlet [jsp] in context with path [/shop_sphere_servlet] threw exception [org.apache.jasper.JasperException: Unable to compile class for JSP: 

An error occurred at line: [15] in the generated java file: [C:\Users\pcc\Desktop\Shop_Sphere_Servlet\work\Catalina\localhost\shop_sphere_servlet\org\apache\jsp\u_005flogin_jsp.java]
The import util.DBConnection cannot be resolved

An error occurred at line: [16] in the jsp file: [/u_login.jsp]
DBConnection cannot be resolved
13:         errorMessage = "Please enter both name and password.";
14:     } else {
15:         try {
16:             Connection con = DBConnection.getConnection();
17:             if (con == null) {
18:                 throw new SQLException("Database connection is null");
19:             }


Stacktrace:] with root cause
	org.apache.jasper.JasperException: Unable to compile class for JSP: 

An error occurred at line: [15] in the generated java file: [C:\Users\pcc\Desktop\Shop_Sphere_Servlet\work\Catalina\localhost\shop_sphere_servlet\org\apache\jsp\u_005flogin_jsp.java]
The import util.DBConnection cannot be resolved

An error occurred at line: [16] in the jsp file: [/u_login.jsp]
DBConnection cannot be resolved
13:         errorMessage = "Please enter both name and password.";
14:     } else {
15:         try {
16:             Connection con = DBConnection.getConnection();
17:             if (con == null) {
18:                 throw new SQLException("Database connection is null");
19:             }


Stacktrace:
		at org.apache.jasper.compiler.DefaultErrorHandler.javacError(DefaultErrorHandler.java:70)
		at org.apache.jasper.compiler.ErrorDispatcher.javacError(ErrorDispatcher.java:189)
		at org.apache.jasper.compiler.JDTCompiler.generateClass(JDTCompiler.java:546)
		at org.apache.jasper.compiler.Compiler.compile(Compiler.java:408)
		at org.apache.jasper.compiler.Compiler.compile(Compiler.java:380)
		at org.apache.jasper.compiler.Compiler.compile(Compiler.java:366)
		at org.apache.jasper.JspCompilationContext.compile(JspCompilationContext.java:746)
		at org.apache.jasper.servlet.JspServletWrapper.service(JspServletWrapper.java:441)
		at org.apache.jasper.servlet.JspServlet.serviceJspFile(JspServlet.java:339)
		at org.apache.jasper.servlet.JspServlet.service(JspServlet.java:290)
		at jakarta.servlet.http.HttpServlet.service(HttpServlet.java:710)
		at org.apache.catalina.core.ApplicationFilterChain.doFilter(ApplicationFilterChain.java:132)
		at org.apache.tomcat.websocket.server.WsFilter.doFilter(WsFilter.java:59)
		at org.apache.catalina.core.ApplicationFilterChain.doFilter(ApplicationFilterChain.java:111)
		at org.apache.catalina.core.StandardWrapperValve.invoke(StandardWrapperValve.java:165)
		at org.apache.catalina.core.StandardContextValve.invoke(StandardContextValve.java:77)
		at org.apache.catalina.authenticator.AuthenticatorBase.invoke(AuthenticatorBase.java:534)
		at org.apache.catalina.core.StandardHostValve.invoke(StandardHostValve.java:115)
		at org.apache.catalina.valves.ErrorReportValve.invoke(ErrorReportValve.java:86)
		at org.apache.catalina.valves.AbstractAccessLogValve.invoke(AbstractAccessLogValve.java:782)
		at org.apache.catalina.core.StandardEngineValve.invoke(StandardEngineValve.java:72)
		at org.apache.catalina.connector.CoyoteAdapter.service(CoyoteAdapter.java:347)
		at org.apache.coyote.http11.Http11Processor.service(Http11Processor.java:406)
		at org.apache.coyote.AbstractProcessorLight.process(AbstractProcessorLight.java:71)
		at org.apache.coyote.AbstractProtocol$ConnectionHandler.process(AbstractProtocol.java:1307)
		at org.apache.tomcat.util.net.NioEndpoint$SocketProcessor.doRun(NioEndpoint.java:2036)
		at org.apache.tomcat.util.net.SocketProcessorBase.run(SocketProcessorBase.java:74)
		at org.apache.tomcat.util.threads.ThreadPoolExecutor.runWorker(ThreadPoolExecutor.java:949)
		at org.apache.tomcat.util.threads.ThreadPoolExecutor$Worker.run(ThreadPoolExecutor.java:483)
		at org.apache.tomcat.util.threads.TaskThread$WrappingRunnable.run(TaskThread.java:74)
		at java.base/java.lang.Thread.run(Thread.java:1447)
28-Jun-2026 13:57:15.793 SEVERE [http-nio-8080-exec-1] org.apache.catalina.core.StandardWrapperValve.invoke Servlet.service() for servlet [jsp] in context with path [/shop_sphere_servlet] threw exception [org.apache.jasper.JasperException: Unable to compile class for JSP: 

An error occurred at line: [15] in the generated java file: [C:\Users\pcc\Desktop\Shop_Sphere_Servlet\work\Catalina\localhost\shop_sphere_servlet\org\apache\jsp\u_005flogin_jsp.java]
The import util.DBConnection cannot be resolved

An error occurred at line: [16] in the jsp file: [/u_login.jsp]
DBConnection cannot be resolved
13:         errorMessage = "Please enter both name and password.";
14:     } else {
15:         try {
16:             Connection con = DBConnection.getConnection();
17:             if (con == null) {
18:                 throw new SQLException("Database connection is null");
19:             }


Stacktrace:] with root cause
	org.apache.jasper.JasperException: Unable to compile class for JSP: 

An error occurred at line: [15] in the generated java file: [C:\Users\pcc\Desktop\Shop_Sphere_Servlet\work\Catalina\localhost\shop_sphere_servlet\org\apache\jsp\u_005flogin_jsp.java]
The import util.DBConnection cannot be resolved

An error occurred at line: [16] in the jsp file: [/u_login.jsp]
DBConnection cannot be resolved
13:         errorMessage = "Please enter both name and password.";
14:     } else {
15:         try {
16:             Connection con = DBConnection.getConnection();
17:             if (con == null) {
18:                 throw new SQLException("Database connection is null");
19:             }


Stacktrace:
		at org.apache.jasper.compiler.DefaultErrorHandler.javacError(DefaultErrorHandler.java:70)
		at org.apache.jasper.compiler.ErrorDispatcher.javacError(ErrorDispatcher.java:189)
		at org.apache.jasper.compiler.JDTCompiler.generateClass(JDTCompiler.java:546)
		at org.apache.jasper.compiler.Compiler.compile(Compiler.java:408)
		at org.apache.jasper.compiler.Compiler.compile(Compiler.java:380)
		at org.apache.jasper.compiler.Compiler.compile(Compiler.java:366)
		at org.apache.jasper.JspCompilationContext.compile(JspCompilationContext.java:746)
		at org.apache.jasper.servlet.JspServletWrapper.service(JspServletWrapper.java:441)
		at org.apache.jasper.servlet.JspServlet.serviceJspFile(JspServlet.java:339)
		at org.apache.jasper.servlet.JspServlet.service(JspServlet.java:290)
		at jakarta.servlet.http.HttpServlet.service(HttpServlet.java:710)
		at org.apache.catalina.core.ApplicationFilterChain.doFilter(ApplicationFilterChain.java:132)
		at org.apache.tomcat.websocket.server.WsFilter.doFilter(WsFilter.java:59)
		at org.apache.catalina.core.ApplicationFilterChain.doFilter(ApplicationFilterChain.java:111)
		at org.apache.catalina.core.StandardWrapperValve.invoke(StandardWrapperValve.java:165)
		at org.apache.catalina.core.StandardContextValve.invoke(StandardContextValve.java:77)
		at org.apache.catalina.authenticator.AuthenticatorBase.invoke(AuthenticatorBase.java:534)
		at org.apache.catalina.core.StandardHostValve.invoke(StandardHostValve.java:115)
		at org.apache.catalina.valves.ErrorReportValve.invoke(ErrorReportValve.java:86)
		at org.apache.catalina.valves.AbstractAccessLogValve.invoke(AbstractAccessLogValve.java:782)
		at org.apache.catalina.core.StandardEngineValve.invoke(StandardEngineValve.java:72)
		at org.apache.catalina.connector.CoyoteAdapter.service(CoyoteAdapter.java:347)
		at org.apache.coyote.http11.Http11Processor.service(Http11Processor.java:406)
		at org.apache.coyote.AbstractProcessorLight.process(AbstractProcessorLight.java:71)
		at org.apache.coyote.AbstractProtocol$ConnectionHandler.process(AbstractProtocol.java:1307)
		at org.apache.tomcat.util.net.NioEndpoint$SocketProcessor.doRun(NioEndpoint.java:2036)
		at org.apache.tomcat.util.net.SocketProcessorBase.run(SocketProcessorBase.java:74)
		at org.apache.tomcat.util.threads.ThreadPoolExecutor.runWorker(ThreadPoolExecutor.java:949)
		at org.apache.tomcat.util.threads.ThreadPoolExecutor$Worker.run(ThreadPoolExecutor.java:483)
		at org.apache.tomcat.util.threads.TaskThread$WrappingRunnable.run(TaskThread.java:74)
		at java.base/java.lang.Thread.run(Thread.java:1447)
28-Jun-2026 13:57:21.048 SEVERE [http-nio-8080-exec-4] org.apache.catalina.core.StandardWrapperValve.invoke Servlet.service() for servlet [jsp] in context with path [/shop_sphere_servlet] threw exception [org.apache.jasper.JasperException: Unable to compile class for JSP: 

An error occurred at line: [15] in the generated java file: [C:\Users\pcc\Desktop\Shop_Sphere_Servlet\work\Catalina\localhost\shop_sphere_servlet\org\apache\jsp\u_005flogin_jsp.java]
The import util.DBConnection cannot be resolved

An error occurred at line: [16] in the jsp file: [/u_login.jsp]
DBConnection cannot be resolved
13:         errorMessage = "Please enter both name and password.";
14:     } else {
15:         try {
16:             Connection con = DBConnection.getConnection();
17:             if (con == null) {
18:                 throw new SQLException("Database connection is null");
19:             }


Stacktrace:] with root cause
	org.apache.jasper.JasperException: Unable to compile class for JSP: 

An error occurred at line: [15] in the generated java file: [C:\Users\pcc\Desktop\Shop_Sphere_Servlet\work\Catalina\localhost\shop_sphere_servlet\org\apache\jsp\u_005flogin_jsp.java]
The import util.DBConnection cannot be resolved

An error occurred at line: [16] in the jsp file: [/u_login.jsp]
DBConnection cannot be resolved
13:         errorMessage = "Please enter both name and password.";
14:     } else {
15:         try {
16:             Connection con = DBConnection.getConnection();
17:             if (con == null) {
18:                 throw new SQLException("Database connection is null");
19:             }


Stacktrace:
		at org.apache.jasper.compiler.DefaultErrorHandler.javacError(DefaultErrorHandler.java:70)
		at org.apache.jasper.compiler.ErrorDispatcher.javacError(ErrorDispatcher.java:189)
		at org.apache.jasper.compiler.JDTCompiler.generateClass(JDTCompiler.java:546)
		at org.apache.jasper.compiler.Compiler.compile(Compiler.java:408)
		at org.apache.jasper.compiler.Compiler.compile(Compiler.java:380)
		at org.apache.jasper.compiler.Compiler.compile(Compiler.java:366)
		at org.apache.jasper.JspCompilationContext.compile(JspCompilationContext.java:746)
		at org.apache.jasper.servlet.JspServletWrapper.service(JspServletWrapper.java:441)
		at org.apache.jasper.servlet.JspServlet.serviceJspFile(JspServlet.java:339)
		at org.apache.jasper.servlet.JspServlet.service(JspServlet.java:290)
		at jakarta.servlet.http.HttpServlet.service(HttpServlet.java:710)
		at org.apache.catalina.core.ApplicationFilterChain.doFilter(ApplicationFilterChain.java:132)
		at org.apache.tomcat.websocket.server.WsFilter.doFilter(WsFilter.java:59)
		at org.apache.catalina.core.ApplicationFilterChain.doFilter(ApplicationFilterChain.java:111)
		at org.apache.catalina.core.StandardWrapperValve.invoke(StandardWrapperValve.java:165)
		at org.apache.catalina.core.StandardContextValve.invoke(StandardContextValve.java:77)
		at org.apache.catalina.authenticator.AuthenticatorBase.invoke(AuthenticatorBase.java:534)
		at org.apache.catalina.core.StandardHostValve.invoke(StandardHostValve.java:115)
		at org.apache.catalina.valves.ErrorReportValve.invoke(ErrorReportValve.java:86)
		at org.apache.catalina.valves.AbstractAccessLogValve.invoke(AbstractAccessLogValve.java:782)
		at org.apache.catalina.core.StandardEngineValve.invoke(StandardEngineValve.java:72)
		at org.apache.catalina.connector.CoyoteAdapter.service(CoyoteAdapter.java:347)
		at org.apache.coyote.http11.Http11Processor.service(Http11Processor.java:406)
		at org.apache.coyote.AbstractProcessorLight.process(AbstractProcessorLight.java:71)
		at org.apache.coyote.AbstractProtocol$ConnectionHandler.process(AbstractProtocol.java:1307)
		at org.apache.tomcat.util.net.NioEndpoint$SocketProcessor.doRun(NioEndpoint.java:2036)
		at org.apache.tomcat.util.net.SocketProcessorBase.run(SocketProcessorBase.java:74)
		at org.apache.tomcat.util.threads.ThreadPoolExecutor.runWorker(ThreadPoolExecutor.java:949)
		at org.apache.tomcat.util.threads.ThreadPoolExecutor$Worker.run(ThreadPoolExecutor.java:483)
		at org.apache.tomcat.util.threads.TaskThread$WrappingRunnable.run(TaskThread.java:74)
		at java.base/java.lang.Thread.run(Thread.java:1447)
